\BOOKMARK [1][-]{section.1}{\376\377\000L\000e\000c\000t\000u\000r\000e\000\040\000-\000\040\0002\0001\000/\0000\0007\000/\0002\0000\0002\0005}{}% 1
\BOOKMARK [1][-]{section.2}{\376\377\000L\000e\000c\000t\000u\000r\000e\000\040\000-\000\040\0002\0003\000/\0000\0007\000/\0002\0000\0002\0005}{}% 2
\BOOKMARK [1][-]{section.3}{\376\377\000L\000e\000c\000t\000u\000r\000e\000\040\000-\000\040\0002\0005\000/\0000\0007\000/\0002\0000\0002\0005}{}% 3
\BOOKMARK [1][-]{section.4}{\376\377\000L\000e\000c\000t\000u\000r\000e\000\040\000-\000\040\0002\0008\000/\0000\0007\000/\0002\0000\0002\0005}{}% 4
\BOOKMARK [1][-]{section.5}{\376\377\000L\000e\000c\000t\000u\000r\000e\000\040\000-\000\040\0003\0000\000/\0000\0007\000/\0002\0000\0002\0005}{}% 5
\BOOKMARK [1][-]{section.6}{\376\377\000L\000e\000c\000t\000u\000r\000e\000\040\000-\000\040\0000\0008\000/\0000\0001\000/\0002\0000\0002\0005}{}% 6
\BOOKMARK [1][-]{section.7}{\376\377\000L\000e\000c\000t\000u\000r\000e\000\040\000-\000\040\0000\0004\000/\0000\0008\000/\0002\0000\0002\0005}{}% 7
\BOOKMARK [2][-]{subsection.7.1}{\376\377\000B\000a\000n\000a\000c\000h\000\040\000C\000o\000n\000t\000r\000a\000c\000t\000i\000o\000n\000\040\000P\000r\000i\000n\000c\000i\000p\000l\000e}{section.7}% 8
\BOOKMARK [2][-]{subsection.7.2}{\376\377\000A\000p\000p\000l\000i\000c\000a\000t\000i\000o\000n\000s\000:}{section.7}% 9
\BOOKMARK [1][-]{section.8}{\376\377\000L\000e\000c\000t\000u\000r\000e\000\040\000-\000\040\0000\0006\000/\0000\0008\000/\0002\0000\0002\0005}{}% 10
\BOOKMARK [2][-]{subsection.8.1}{\376\377\000A\000p\000p\000l\000i\000c\000a\000t\000i\000o\000n\000\040\000o\000f\000\040\000B\000a\000n\000a\000c\000h\000\040\000F\000i\000x\000e\000d\000\040\000P\000o\000i\000n\000t\000\040\000T\000h\000e\000o\000r\000e\000m}{section.8}% 11
\BOOKMARK [1][-]{section.9}{\376\377\000L\000e\000c\000t\000u\000r\000e\000\040\000-\000\040\0000\0008\000/\0000\0008\000/\0002\0000\0002\0005}{}% 12
\BOOKMARK [1][-]{section.10}{\376\377\000L\000e\000c\000t\000u\000r\000e\000\040\000-\000\040\0001\0001\000/\0000\0008\000/\0002\0000\0002\0005}{}% 13
\BOOKMARK [1][-]{section.11}{\376\377\000L\000e\000c\000t\000u\000r\000e\000\040\000-\000\040\0001\0003\000/\0000\0008\000/\0002\0000\0002\0005}{}% 14
\BOOKMARK [1][-]{section.12}{\376\377\000L\000e\000c\000t\000u\000r\000e\000\040\000-\000\040\0001\0008\000/\0000\0008\000/\0002\0000\0002\0005}{}% 15
\BOOKMARK [1][-]{section.13}{\376\377\000L\000e\000c\000t\000u\000r\000e\000\040\000-\000\040\0002\0001\000/\0000\0008\000/\0002\0000\0002\0005}{}% 16
\BOOKMARK [2][-]{subsection.13.1}{\376\377\000M\000e\000a\000s\000u\000r\000e\000\040\000T\000h\000e\000o\000r\000y}{section.13}% 17
\BOOKMARK [1][-]{section.14}{\376\377\000L\000e\000c\000t\000u\000r\000e\000\040\000-\000\040\0002\0005\000/\0000\0008\000/\0002\0000\0002\0005}{}% 18
\BOOKMARK [1][-]{section.15}{\376\377\000L\000e\000c\000t\000u\000r\000e\000\040\000-\000\040\0000\0001\000/\0000\0009\000/\0002\0000\0002\0005}{}% 19
\BOOKMARK [2][-]{subsection.15.1}{\376\377\000C\000o\000n\000s\000t\000r\000u\000c\000t\000i\000o\000n\000\040\000o\000f\000\040\000L\000e\000b\000e\000s\000g\000u\000e\000\040\000M\000e\000a\000s\000u\000r\000e}{section.15}% 20
\BOOKMARK [1][-]{section.16}{\376\377\000L\000e\000c\000t\000u\000r\000e\000\040\000-\000\040\0000\0005\000/\0000\0009\000/\0002\0000\0002\0005}{}% 21
\BOOKMARK [1][-]{section.17}{\376\377\000L\000e\000c\000t\000u\000r\000e\000\040\000-\000\040\0001\0005\000/\0000\0009\000/\0002\0000\0002\0005}{}% 22
\BOOKMARK [1][-]{section.18}{\376\377\000L\000e\000c\000t\000u\000r\000e\000\040\000-\000\040\0001\0007\000/\0000\0009\000/\0002\0000\0002\0005}{}% 23
\BOOKMARK [1][-]{section.19}{\376\377\000L\000e\000c\000t\000u\000r\000e\000\040\000-\000\040\0002\0002\000/\0000\0009\000/\0002\0000\0002\0005}{}% 24
\BOOKMARK [1][-]{section.20}{\376\377\000L\000e\000c\000t\000u\000r\000e\000\040\000-\000\040\000a\000b\000/\000c\000d\000/\0002\0000\0002\0005}{}% 25
\BOOKMARK [1][-]{section.21}{\376\377\000L\000e\000c\000t\000u\000r\000e\000\040\000-\000\040\0002\0006\000/\0000\0009\000/\0002\0000\0002\0005}{}% 26
\BOOKMARK [1][-]{section.22}{\376\377\000L\000e\000c\000t\000u\000r\000e\000\040\000-\000\040\0002\0009\000/\0000\0009\000/\0002\0000\0002\0005}{}% 27
\BOOKMARK [1][-]{section.23}{\376\377\000L\000e\000c\000t\000u\000r\000e\000\040\000-\000\040\0000\0001\000/\0001\0000\000/\0002\0000\0002\0005}{}% 28
\BOOKMARK [1][-]{section.24}{\376\377\000L\000e\000c\000t\000u\000r\000e\000\040\000-\000\040\0000\0006\000/\0001\0000\000/\0002\0000\0002\0005}{}% 29
\BOOKMARK [1][-]{section.25}{\376\377\000R\000e\000f\000e\000r\000e\000n\000c\000e\000s}{}% 30
