This is pdfTeX, Version 3.141592653-2.6-1.40.27 (MiKTeX 25.4) (preloaded format=pdflatex 2025.8.29)  26 OCT 2025 04:11
entering extended mode
 restricted \write18 enabled.
 file:line:error style messages enabled.
 %&-line parsing enabled.
**"e:/_DAIBIK/__ISI/Notes/Function Spaces/FSP.tex"
(e:/_DAIBIK/__ISI/Notes/Function Spaces/FSP.tex
LaTeX2e <2025-06-01> patch level 1
L3 programming layer <2025-07-20>
(functionspaces.cls
Document Class: functionspaces 2025/08/18 v1.0 Custom class
(D:\MikTEX\tex/latex/base\article.cls
Document Class: article 2025/01/22 v1.4n Standard LaTeX document class
(D:\MikTEX\tex/latex/base\size12.clo
File: size12.clo 2025/01/22 v1.4n Standard LaTeX file (size option)
)
\c@part=\count275
\c@section=\count276
\c@subsection=\count277
\c@subsubsection=\count278
\c@paragraph=\count279
\c@subparagraph=\count280
\c@figure=\count281
\c@table=\count282
\abovecaptionskip=\skip49
\belowcaptionskip=\skip50
\bibindent=\dimen148
) (D:\MikTEX\tex/latex/base\inputenc.sty
Package: inputenc 2024/02/08 v1.3d Input encoding file
\inpenc@prehook=\toks17
\inpenc@posthook=\toks18
) (D:\MikTEX\tex/generic/babel\babel.sty
Package: babel 2025/08/03 v25.12 The multilingual framework for LuaLaTeX, pdfLaTeX and XeLaTeX
\babel@savecnt=\count283
LaTeX Encoding Info:    Redeclaring text command \ij (encoding OT1) on input line 2045.
LaTeX Encoding Info:    Redeclaring text command \IJ (encoding OT1) on input line 2047.
LaTeX Encoding Info:    Redeclaring text command \ij (encoding T1) on input line 2049.
LaTeX Encoding Info:    Redeclaring text command \IJ (encoding T1) on input line 2050.
LaTeX Encoding Info:    Ignoring declaration for text command \ij (encoding ?) on input line 2051.
LaTeX Encoding Info:    Ignoring declaration for text command \IJ (encoding ?) on input line 2053.
LaTeX Encoding Info:    Ignoring declaration for text command \SS (encoding ?) on input line 2078.
\U@D=\dimen149
\l@unhyphenated=\language79
 (D:\MikTEX\tex/generic/babel\txtbabel.def)
\bbl@readstream=\read2
\bbl@dirlevel=\count284

*************************************
* Local config file bblopts.cfg used
*
(D:\MikTEX\tex/latex/arabi\bblopts.cfg
File: bblopts.cfg 2005/09/08 v0.1 add Arabic and Farsi to "declared" options of babel
) (D:\MikTEX\tex/latex/babel-english\english.ldf
Language: english 2017/06/06 v3.3r English support from the babel system
 (D:\MikTEX\tex/generic/babel/locale/en\babel-english.tex
Package babel Info: Importing font and identification data for english
(babel)             from babel-en.ini. Reported on input line 12.
)
Package babel Info: Hyphen rules for 'canadian' set to \l@english
(babel)             (\language0). Reported on input line 102.
Package babel Info: Hyphen rules for 'australian' set to \l@ukenglish
(babel)             (\language73). Reported on input line 105.
Package babel Info: Hyphen rules for 'newzealand' set to \l@ukenglish
(babel)             (\language73). Reported on input line 108.
)) (D:\MikTEX\tex/latex/amsmath\amsmath.sty
Package: amsmath 2025/06/16 v2.17y AMS math features
\@mathmargin=\skip51

For additional information on amsmath, use the `?' option.
(D:\MikTEX\tex/latex/amsmath\amstext.sty
Package: amstext 2024/11/17 v2.01 AMS text
 (D:\MikTEX\tex/latex/amsmath\amsgen.sty
File: amsgen.sty 1999/11/30 v2.0 generic functions
\@emptytoks=\toks19
\ex@=\dimen150
)) (D:\MikTEX\tex/latex/amsmath\amsbsy.sty
Package: amsbsy 1999/11/29 v1.2d Bold Symbols
\pmbraise@=\dimen151
) (D:\MikTEX\tex/latex/amsmath\amsopn.sty
Package: amsopn 2022/04/08 v2.04 operator names
)
\inf@bad=\count285
LaTeX Info: Redefining \frac on input line 233.
\uproot@=\count286
\leftroot@=\count287
LaTeX Info: Redefining \overline on input line 398.
LaTeX Info: Redefining \colon on input line 409.
\classnum@=\count288
\DOTSCASE@=\count289
LaTeX Info: Redefining \ldots on input line 495.
LaTeX Info: Redefining \dots on input line 498.
LaTeX Info: Redefining \cdots on input line 619.
\Mathstrutbox@=\box53
\strutbox@=\box54
LaTeX Info: Redefining \big on input line 721.
LaTeX Info: Redefining \Big on input line 722.
LaTeX Info: Redefining \bigg on input line 723.
LaTeX Info: Redefining \Bigg on input line 724.
\big@size=\dimen152
LaTeX Font Info:    Redeclaring font encoding OML on input line 742.
LaTeX Font Info:    Redeclaring font encoding OMS on input line 743.
\macc@depth=\count290
LaTeX Info: Redefining \bmod on input line 904.
LaTeX Info: Redefining \pmod on input line 909.
LaTeX Info: Redefining \smash on input line 939.
LaTeX Info: Redefining \relbar on input line 969.
LaTeX Info: Redefining \Relbar on input line 970.
\c@MaxMatrixCols=\count291
\dotsspace@=\muskip17
\c@parentequation=\count292
\dspbrk@lvl=\count293
\tag@help=\toks20
\row@=\count294
\column@=\count295
\maxfields@=\count296
\andhelp@=\toks21
\eqnshift@=\dimen153
\alignsep@=\dimen154
\tagshift@=\dimen155
\tagwidth@=\dimen156
\totwidth@=\dimen157
\lineht@=\dimen158
\@envbody=\toks22
\multlinegap=\skip52
\multlinetaggap=\skip53
\mathdisplay@stack=\toks23
LaTeX Info: Redefining \[ on input line 2949.
LaTeX Info: Redefining \] on input line 2950.
) (D:\MikTEX\tex/latex/amscls\amsthm.sty
Package: amsthm 2020/05/29 v2.20.6
\thm@style=\toks24
\thm@bodyfont=\toks25
\thm@headfont=\toks26
\thm@notefont=\toks27
\thm@headpunct=\toks28
\thm@preskip=\skip54
\thm@postskip=\skip55
\thm@headsep=\skip56
\dth@everypar=\toks29
) (D:\MikTEX\tex/latex/amsfonts\amssymb.sty
Package: amssymb 2013/01/14 v3.01 AMS font symbols
 (D:\MikTEX\tex/latex/amsfonts\amsfonts.sty
Package: amsfonts 2013/01/14 v3.01 Basic AMSFonts support
\symAMSa=\mathgroup4
\symAMSb=\mathgroup5
LaTeX Font Info:    Redeclaring math symbol \hbar on input line 98.
LaTeX Font Info:    Overwriting math alphabet `\mathfrak' in version `bold'
(Font)                  U/euf/m/n --> U/euf/b/n on input line 106.
)) (D:\MikTEX\tex/latex/doublestroke\dsfont.sty
Package: dsfont 1995/08/01 v0.1 Double stroke roman fonts
) (D:\MikTEX\tex/latex/thmtools\thmtools.sty
Package: thmtools 2023/05/04 v0.76
\thmt@toks=\toks30
\c@thmt@dummyctr=\count297
 (D:\MikTEX\tex/latex/thmtools\thm-patch.sty
Package: thm-patch 2023/05/04 v0.76
 (D:\MikTEX\tex/latex/thmtools\parseargs.sty
Package: parseargs 2023/05/04 v0.76
\@parsespec=\toks31
)) (D:\MikTEX\tex/latex/thmtools\thm-kv.sty
Package: thm-kv 2023/05/04 v0.76
Package thm-kv Info: Theorem names will be uppercased on input line 42.
 (D:\MikTEX\tex/latex/graphics\keyval.sty
Package: keyval 2022/05/29 v1.15 key=value parser (DPC)
\KV@toks@=\toks32
) (D:\MikTEX\tex/latex/kvsetkeys\kvsetkeys.sty
Package: kvsetkeys 2022-10-05 v1.19 Key value parser (HO)
)
Package thm-kv Info: kvsetkeys patch (v1.16 or later) on input line 158.
) (D:\MikTEX\tex/latex/thmtools\thm-autoref.sty
Package: thm-autoref 2023/05/04 v0.76
 (D:\MikTEX\tex/latex/thmtools\aliasctr.sty
Package: aliasctr 2023/05/04 v0.76
)) (D:\MikTEX\tex/latex/thmtools\thm-listof.sty
Package: thm-listof 2023/05/04 v0.76
) (D:\MikTEX\tex/latex/thmtools\thm-restate.sty
Package: thm-restate 2023/05/04 v0.76
) (D:\MikTEX\tex/latex/thmtools\thm-amsthm.sty
Package: thm-amsthm 2023/05/04 v0.76
\thmt@style@headstyle=\toks33
)) (D:\MikTEX\tex/latex/graphics\graphicx.sty
Package: graphicx 2024/12/31 v1.2e Enhanced LaTeX Graphics (DPC,SPQR)
 (D:\MikTEX\tex/latex/graphics\graphics.sty
Package: graphics 2024/08/06 v1.4g Standard LaTeX Graphics (DPC,SPQR)
 (D:\MikTEX\tex/latex/graphics\trig.sty
Package: trig 2023/12/02 v1.11 sin cos tan (DPC)
) (D:\MikTEX\tex/latex/graphics-cfg\graphics.cfg
File: graphics.cfg 2016/06/04 v1.11 sample graphics configuration
)
Package graphics Info: Driver file: pdftex.def on input line 106.
 (D:\MikTEX\tex/latex/graphics-def\pdftex.def
File: pdftex.def 2024/04/13 v1.2c Graphics/color driver for pdftex
))
\Gin@req@height=\dimen159
\Gin@req@width=\dimen160
) (D:\MikTEX\tex/latex/hyperref\hyperref.sty
Package: hyperref 2025-07-12 v7.01o Hypertext links for LaTeX
 (D:\MikTEX\tex/generic/iftex\iftex.sty
Package: iftex 2024/12/12 v1.0g TeX engine tests
) (D:\MikTEX\tex/generic/kvdefinekeys\kvdefinekeys.sty
Package: kvdefinekeys 2019-12-19 v1.6 Define keys (HO)
) (D:\MikTEX\tex/generic/pdfescape\pdfescape.sty
Package: pdfescape 2019/12/09 v1.15 Implements pdfTeX's escape features (HO)
 (D:\MikTEX\tex/generic/ltxcmds\ltxcmds.sty
Package: ltxcmds 2023-12-04 v1.26 LaTeX kernel commands for general use (HO)
) (D:\MikTEX\tex/generic/pdftexcmds\pdftexcmds.sty
Package: pdftexcmds 2020-06-27 v0.33 Utility functions of pdfTeX for LuaTeX (HO)
 (D:\MikTEX\tex/generic/infwarerr\infwarerr.sty
Package: infwarerr 2019/12/03 v1.5 Providing info/warning/error messages (HO)
)
Package pdftexcmds Info: \pdf@primitive is available.
Package pdftexcmds Info: \pdf@ifprimitive is available.
Package pdftexcmds Info: \pdfdraftmode found.
)) (D:\MikTEX\tex/latex/hycolor\hycolor.sty
Package: hycolor 2020-01-27 v1.10 Color options for hyperref/bookmark (HO)
) (D:\MikTEX\tex/latex/hyperref\nameref.sty
Package: nameref 2025-06-21 v2.57 Cross-referencing by name of section
 (D:\MikTEX\tex/latex/refcount\refcount.sty
Package: refcount 2019/12/15 v3.6 Data extraction from label references (HO)
) (D:\MikTEX\tex/generic/gettitlestring\gettitlestring.sty
Package: gettitlestring 2019/12/15 v1.6 Cleanup title references (HO)
 (D:\MikTEX\tex/latex/kvoptions\kvoptions.sty
Package: kvoptions 2022-06-15 v3.15 Key value format for package options (HO)
))
\c@section@level=\count298
) (D:\MikTEX\tex/latex/etoolbox\etoolbox.sty
Package: etoolbox 2025/02/11 v2.5l e-TeX tools for LaTeX (JAW)
\etb@tempcnta=\count299
) (D:\MikTEX\tex/generic/stringenc\stringenc.sty
Package: stringenc 2019/11/29 v1.12 Convert strings between diff. encodings (HO)
)
\@linkdim=\dimen161
\Hy@linkcounter=\count300
\Hy@pagecounter=\count301
 (D:\MikTEX\tex/latex/hyperref\pd1enc.def
File: pd1enc.def 2025-07-12 v7.01o Hyperref: PDFDocEncoding definition (HO)
Now handling font encoding PD1 ...
... no UTF-8 mapping file for font encoding PD1
) (D:\MikTEX\tex/generic/intcalc\intcalc.sty
Package: intcalc 2019/12/15 v1.3 Expandable calculations with integers (HO)
)
\Hy@SavedSpaceFactor=\count302
 (D:\MikTEX\tex/latex/hyperref\puenc.def
File: puenc.def 2025-07-12 v7.01o Hyperref: PDF Unicode definition (HO)
Now handling font encoding PU ...
... no UTF-8 mapping file for font encoding PU
)
Package hyperref Info: Hyper figures OFF on input line 4195.
Package hyperref Info: Link nesting OFF on input line 4200.
Package hyperref Info: Hyper index ON on input line 4203.
Package hyperref Info: Plain pages OFF on input line 4210.
Package hyperref Info: Backreferencing OFF on input line 4215.
Package hyperref Info: Implicit mode ON; LaTeX internals redefined.
Package hyperref Info: Bookmarks ON on input line 4462.
\c@Hy@tempcnt=\count303
 (D:\MikTEX\tex/latex/url\url.sty
\Urlmuskip=\muskip18
Package: url 2013/09/16  ver 3.4  Verb mode for urls, etc.
)
LaTeX Info: Redefining \url on input line 4801.
\XeTeXLinkMargin=\dimen162
 (D:\MikTEX\tex/generic/bitset\bitset.sty
Package: bitset 2019/12/09 v1.3 Handle bit-vector datatype (HO)
 (D:\MikTEX\tex/generic/bigintcalc\bigintcalc.sty
Package: bigintcalc 2019/12/15 v1.5 Expandable calculations on big integers (HO)
))
\Fld@menulength=\count304
\Field@Width=\dimen163
\Fld@charsize=\dimen164
Package hyperref Info: Hyper figures OFF on input line 6078.
Package hyperref Info: Link nesting OFF on input line 6083.
Package hyperref Info: Hyper index ON on input line 6086.
Package hyperref Info: backreferencing OFF on input line 6093.
Package hyperref Info: Link coloring OFF on input line 6098.
Package hyperref Info: Link coloring with OCG OFF on input line 6103.
Package hyperref Info: PDF/A mode OFF on input line 6108.
\Hy@abspage=\count305
\c@Item=\count306
\c@Hfootnote=\count307
)
Package hyperref Info: Driver (autodetected): hpdftex.
 (D:\MikTEX\tex/latex/hyperref\hpdftex.def
File: hpdftex.def 2025-07-12 v7.01o Hyperref driver for pdfTeX
\Fld@listcount=\count308
\c@bookmark@seq@number=\count309
 (D:\MikTEX\tex/latex/rerunfilecheck\rerunfilecheck.sty
Package: rerunfilecheck 2025-06-21 v1.11 Rerun checks for auxiliary files (HO)
 (D:\MikTEX\tex/generic/uniquecounter\uniquecounter.sty
Package: uniquecounter 2019/12/15 v1.4 Provide unlimited unique counter (HO)
)
Package uniquecounter Info: New unique counter `rerunfilecheck' on input line 284.
)
\Hy@SectionHShift=\skip57
) (D:\MikTEX\tex/latex/setspace\setspace.sty
Package: setspace 2022/12/04 v6.7b set line spacing
) (D:\MikTEX\tex/latex/geometry\geometry.sty
Package: geometry 2020/01/02 v5.9 Page Geometry
 (D:\MikTEX\tex/generic/iftex\ifvtex.sty
Package: ifvtex 2019/10/25 v1.7 ifvtex legacy package. Use iftex instead.
)
\Gm@cnth=\count310
\Gm@cntv=\count311
\c@Gm@tempcnt=\count312
\Gm@bindingoffset=\dimen165
\Gm@wd@mp=\dimen166
\Gm@odd@mp=\dimen167
\Gm@even@mp=\dimen168
\Gm@layoutwidth=\dimen169
\Gm@layoutheight=\dimen170
\Gm@layouthoffset=\dimen171
\Gm@layoutvoffset=\dimen172
\Gm@dimlist=\toks34
 (D:\MikTEX\tex/latex/geometry\geometry.cfg)) (D:\MikTEX\tex/latex/float\float.sty
Package: float 2001/11/08 v1.3d Float enhancements (AL)
\c@float@type=\count313
\float@exts=\toks35
\float@box=\box55
\@float@everytoks=\toks36
\@floatcapt=\box56
) (D:\MikTEX\tex/latex/framed\framed.sty
Package: framed 2011/10/22 v 0.96: framed or shaded text with page breaks
\OuterFrameSep=\skip58
\fb@frw=\dimen173
\fb@frh=\dimen174
\FrameRule=\dimen175
\FrameSep=\dimen176
) (D:\MikTEX\tex/latex/xcolor\xcolor.sty
Package: xcolor 2024/09/29 v3.02 LaTeX color extensions (UK)
 (D:\MikTEX\tex/latex/graphics-cfg\color.cfg
File: color.cfg 2016/01/02 v1.6 sample color configuration
)
Package xcolor Info: Driver file: pdftex.def on input line 274.
 (D:\MikTEX\tex/latex/graphics\mathcolor.ltx)
Package xcolor Info: Model `cmy' substituted by `cmy0' on input line 1349.
Package xcolor Info: Model `hsb' substituted by `rgb' on input line 1353.
Package xcolor Info: Model `RGB' extended on input line 1365.
Package xcolor Info: Model `HTML' substituted by `rgb' on input line 1367.
Package xcolor Info: Model `Hsb' substituted by `hsb' on input line 1368.
Package xcolor Info: Model `tHsb' substituted by `hsb' on input line 1369.
Package xcolor Info: Model `HSB' substituted by `hsb' on input line 1370.
Package xcolor Info: Model `Gray' substituted by `gray' on input line 1371.
Package xcolor Info: Model `wave' substituted by `hsb' on input line 1372.
) (D:\MikTEX\tex/latex/graphics\dvipsnam.def
File: dvipsnam.def 2016/06/17 v3.0m Driver-dependent file (DPC,SPQR)
) (D:\MikTEX\tex/latex/tcolorbox\tcolorbox.sty
Package: tcolorbox 2025/07/08 version 6.7.1 text color boxes
 (D:\MikTEX\tex/latex/pgf/frontendlayer\tikz.sty (D:\MikTEX\tex/latex/pgf/basiclayer\pgf.sty (D:\MikTEX\tex/latex/pgf/utilities\pgfrcs.sty (D:\MikTEX\tex/generic/pgf/utilities\pgfutil-common.tex
\pgfutil@everybye=\toks37
\pgfutil@tempdima=\dimen177
\pgfutil@tempdimb=\dimen178
) (D:\MikTEX\tex/generic/pgf/utilities\pgfutil-latex.def
\pgfutil@abb=\box57
) (D:\MikTEX\tex/generic/pgf/utilities\pgfrcs.code.tex (D:\MikTEX\tex/generic/pgf\pgf.revision.tex)
Package: pgfrcs 2023-01-15 v3.1.10 (3.1.10)
))
Package: pgf 2023-01-15 v3.1.10 (3.1.10)
 (D:\MikTEX\tex/latex/pgf/basiclayer\pgfcore.sty (D:\MikTEX\tex/latex/pgf/systemlayer\pgfsys.sty (D:\MikTEX\tex/generic/pgf/systemlayer\pgfsys.code.tex
Package: pgfsys 2023-01-15 v3.1.10 (3.1.10)
 (D:\MikTEX\tex/generic/pgf/utilities\pgfkeys.code.tex
\pgfkeys@pathtoks=\toks38
\pgfkeys@temptoks=\toks39
 (D:\MikTEX\tex/generic/pgf/utilities\pgfkeyslibraryfiltered.code.tex
\pgfkeys@tmptoks=\toks40
))
\pgf@x=\dimen179
\pgf@y=\dimen180
\pgf@xa=\dimen181
\pgf@ya=\dimen182
\pgf@xb=\dimen183
\pgf@yb=\dimen184
\pgf@xc=\dimen185
\pgf@yc=\dimen186
\pgf@xd=\dimen187
\pgf@yd=\dimen188
\w@pgf@writea=\write3
\r@pgf@reada=\read3
\c@pgf@counta=\count314
\c@pgf@countb=\count315
\c@pgf@countc=\count316
\c@pgf@countd=\count317
\t@pgf@toka=\toks41
\t@pgf@tokb=\toks42
\t@pgf@tokc=\toks43
\pgf@sys@id@count=\count318
 (D:\MikTEX\tex/generic/pgf/systemlayer\pgf.cfg
File: pgf.cfg 2023-01-15 v3.1.10 (3.1.10)
)
Driver file for pgf: pgfsys-pdftex.def
 (D:\MikTEX\tex/generic/pgf/systemlayer\pgfsys-pdftex.def
File: pgfsys-pdftex.def 2023-01-15 v3.1.10 (3.1.10)
 (D:\MikTEX\tex/generic/pgf/systemlayer\pgfsys-common-pdf.def
File: pgfsys-common-pdf.def 2023-01-15 v3.1.10 (3.1.10)
))) (D:\MikTEX\tex/generic/pgf/systemlayer\pgfsyssoftpath.code.tex
File: pgfsyssoftpath.code.tex 2023-01-15 v3.1.10 (3.1.10)
\pgfsyssoftpath@smallbuffer@items=\count319
\pgfsyssoftpath@bigbuffer@items=\count320
) (D:\MikTEX\tex/generic/pgf/systemlayer\pgfsysprotocol.code.tex
File: pgfsysprotocol.code.tex 2023-01-15 v3.1.10 (3.1.10)
)) (D:\MikTEX\tex/generic/pgf/basiclayer\pgfcore.code.tex
Package: pgfcore 2023-01-15 v3.1.10 (3.1.10)
 (D:\MikTEX\tex/generic/pgf/math\pgfmath.code.tex (D:\MikTEX\tex/generic/pgf/math\pgfmathutil.code.tex) (D:\MikTEX\tex/generic/pgf/math\pgfmathparser.code.tex
\pgfmath@dimen=\dimen189
\pgfmath@count=\count321
\pgfmath@box=\box58
\pgfmath@toks=\toks44
\pgfmath@stack@operand=\toks45
\pgfmath@stack@operation=\toks46
) (D:\MikTEX\tex/generic/pgf/math\pgfmathfunctions.code.tex) (D:\MikTEX\tex/generic/pgf/math\pgfmathfunctions.basic.code.tex) (D:\MikTEX\tex/generic/pgf/math\pgfmathfunctions.trigonometric.code.tex) (D:\MikTEX\tex/generic/pgf/math\pgfmathfunctions.random.code.tex) (D:\MikTEX\tex/generic/pgf/math\pgfmathfunctions.comparison.code.tex) (D:\MikTEX\tex/generic/pgf/math\pgfmathfunctions.base.code.tex) (D:\MikTEX\tex/generic/pgf/math\pgfmathfunctions.round.code.tex) (D:\MikTEX\tex/generic/pgf/math\pgfmathfunctions.misc.code.tex) (D:\MikTEX\tex/generic/pgf/math\pgfmathfunctions.integerarithmetics.code.tex) (D:\MikTEX\tex/generic/pgf/math\pgfmathcalc.code.tex) (D:\MikTEX\tex/generic/pgf/math\pgfmathfloat.code.tex
\c@pgfmathroundto@lastzeros=\count322
)) (D:\MikTEX\tex/generic/pgf/math\pgfint.code.tex) (D:\MikTEX\tex/generic/pgf/basiclayer\pgfcorepoints.code.tex
File: pgfcorepoints.code.tex 2023-01-15 v3.1.10 (3.1.10)
\pgf@picminx=\dimen190
\pgf@picmaxx=\dimen191
\pgf@picminy=\dimen192
\pgf@picmaxy=\dimen193
\pgf@pathminx=\dimen194
\pgf@pathmaxx=\dimen195
\pgf@pathminy=\dimen196
\pgf@pathmaxy=\dimen197
\pgf@xx=\dimen198
\pgf@xy=\dimen199
\pgf@yx=\dimen256
\pgf@yy=\dimen257
\pgf@zx=\dimen258
\pgf@zy=\dimen259
) (D:\MikTEX\tex/generic/pgf/basiclayer\pgfcorepathconstruct.code.tex
File: pgfcorepathconstruct.code.tex 2023-01-15 v3.1.10 (3.1.10)
\pgf@path@lastx=\dimen260
\pgf@path@lasty=\dimen261
) (D:\MikTEX\tex/generic/pgf/basiclayer\pgfcorepathusage.code.tex
File: pgfcorepathusage.code.tex 2023-01-15 v3.1.10 (3.1.10)
\pgf@shorten@end@additional=\dimen262
\pgf@shorten@start@additional=\dimen263
) (D:\MikTEX\tex/generic/pgf/basiclayer\pgfcorescopes.code.tex
File: pgfcorescopes.code.tex 2023-01-15 v3.1.10 (3.1.10)
\pgfpic=\box59
\pgf@hbox=\box60
\pgf@layerbox@main=\box61
\pgf@picture@serial@count=\count323
) (D:\MikTEX\tex/generic/pgf/basiclayer\pgfcoregraphicstate.code.tex
File: pgfcoregraphicstate.code.tex 2023-01-15 v3.1.10 (3.1.10)
\pgflinewidth=\dimen264
) (D:\MikTEX\tex/generic/pgf/basiclayer\pgfcoretransformations.code.tex
File: pgfcoretransformations.code.tex 2023-01-15 v3.1.10 (3.1.10)
\pgf@pt@x=\dimen265
\pgf@pt@y=\dimen266
\pgf@pt@temp=\dimen267
) (D:\MikTEX\tex/generic/pgf/basiclayer\pgfcorequick.code.tex
File: pgfcorequick.code.tex 2023-01-15 v3.1.10 (3.1.10)
) (D:\MikTEX\tex/generic/pgf/basiclayer\pgfcoreobjects.code.tex
File: pgfcoreobjects.code.tex 2023-01-15 v3.1.10 (3.1.10)
) (D:\MikTEX\tex/generic/pgf/basiclayer\pgfcorepathprocessing.code.tex
File: pgfcorepathprocessing.code.tex 2023-01-15 v3.1.10 (3.1.10)
) (D:\MikTEX\tex/generic/pgf/basiclayer\pgfcorearrows.code.tex
File: pgfcorearrows.code.tex 2023-01-15 v3.1.10 (3.1.10)
\pgfarrowsep=\dimen268
) (D:\MikTEX\tex/generic/pgf/basiclayer\pgfcoreshade.code.tex
File: pgfcoreshade.code.tex 2023-01-15 v3.1.10 (3.1.10)
\pgf@max=\dimen269
\pgf@sys@shading@range@num=\count324
\pgf@shadingcount=\count325
) (D:\MikTEX\tex/generic/pgf/basiclayer\pgfcoreimage.code.tex
File: pgfcoreimage.code.tex 2023-01-15 v3.1.10 (3.1.10)
) (D:\MikTEX\tex/generic/pgf/basiclayer\pgfcoreexternal.code.tex
File: pgfcoreexternal.code.tex 2023-01-15 v3.1.10 (3.1.10)
\pgfexternal@startupbox=\box62
) (D:\MikTEX\tex/generic/pgf/basiclayer\pgfcorelayers.code.tex
File: pgfcorelayers.code.tex 2023-01-15 v3.1.10 (3.1.10)
) (D:\MikTEX\tex/generic/pgf/basiclayer\pgfcoretransparency.code.tex
File: pgfcoretransparency.code.tex 2023-01-15 v3.1.10 (3.1.10)
) (D:\MikTEX\tex/generic/pgf/basiclayer\pgfcorepatterns.code.tex
File: pgfcorepatterns.code.tex 2023-01-15 v3.1.10 (3.1.10)
) (D:\MikTEX\tex/generic/pgf/basiclayer\pgfcorerdf.code.tex
File: pgfcorerdf.code.tex 2023-01-15 v3.1.10 (3.1.10)
))) (D:\MikTEX\tex/generic/pgf/modules\pgfmoduleshapes.code.tex
File: pgfmoduleshapes.code.tex 2023-01-15 v3.1.10 (3.1.10)
\pgfnodeparttextbox=\box63
) (D:\MikTEX\tex/generic/pgf/modules\pgfmoduleplot.code.tex
File: pgfmoduleplot.code.tex 2023-01-15 v3.1.10 (3.1.10)
) (D:\MikTEX\tex/latex/pgf/compatibility\pgfcomp-version-0-65.sty
Package: pgfcomp-version-0-65 2023-01-15 v3.1.10 (3.1.10)
\pgf@nodesepstart=\dimen270
\pgf@nodesepend=\dimen271
) (D:\MikTEX\tex/latex/pgf/compatibility\pgfcomp-version-1-18.sty
Package: pgfcomp-version-1-18 2023-01-15 v3.1.10 (3.1.10)
)) (D:\MikTEX\tex/latex/pgf/utilities\pgffor.sty (D:\MikTEX\tex/latex/pgf/utilities\pgfkeys.sty (D:\MikTEX\tex/generic/pgf/utilities\pgfkeys.code.tex)) (D:\MikTEX\tex/latex/pgf/math\pgfmath.sty (D:\MikTEX\tex/generic/pgf/math\pgfmath.code.tex)) (D:\MikTEX\tex/generic/pgf/utilities\pgffor.code.tex
Package: pgffor 2023-01-15 v3.1.10 (3.1.10)
\pgffor@iter=\dimen272
\pgffor@skip=\dimen273
\pgffor@stack=\toks47
\pgffor@toks=\toks48
)) (D:\MikTEX\tex/generic/pgf/frontendlayer/tikz\tikz.code.tex
Package: tikz 2023-01-15 v3.1.10 (3.1.10)
 (D:\MikTEX\tex/generic/pgf/libraries\pgflibraryplothandlers.code.tex
File: pgflibraryplothandlers.code.tex 2023-01-15 v3.1.10 (3.1.10)
\pgf@plot@mark@count=\count326
\pgfplotmarksize=\dimen274
)
\tikz@lastx=\dimen275
\tikz@lasty=\dimen276
\tikz@lastxsaved=\dimen277
\tikz@lastysaved=\dimen278
\tikz@lastmovetox=\dimen279
\tikz@lastmovetoy=\dimen280
\tikzleveldistance=\dimen281
\tikzsiblingdistance=\dimen282
\tikz@figbox=\box64
\tikz@figbox@bg=\box65
\tikz@tempbox=\box66
\tikz@tempbox@bg=\box67
\tikztreelevel=\count327
\tikznumberofchildren=\count328
\tikznumberofcurrentchild=\count329
\tikz@fig@count=\count330
 (D:\MikTEX\tex/generic/pgf/modules\pgfmodulematrix.code.tex
File: pgfmodulematrix.code.tex 2023-01-15 v3.1.10 (3.1.10)
\pgfmatrixcurrentrow=\count331
\pgfmatrixcurrentcolumn=\count332
\pgf@matrix@numberofcolumns=\count333
)
\tikz@expandcount=\count334
 (D:\MikTEX\tex/generic/pgf/frontendlayer/tikz/libraries\tikzlibrarytopaths.code.tex
File: tikzlibrarytopaths.code.tex 2023-01-15 v3.1.10 (3.1.10)
))) (D:\MikTEX\tex/latex/tools\verbatim.sty
Package: verbatim 2024-01-22 v1.5x LaTeX2e package for verbatim enhancements
\every@verbatim=\toks49
\verbatim@line=\toks50
\verbatim@in@stream=\read4
) (D:\MikTEX\tex/latex/environ\environ.sty
Package: environ 2014/05/04 v0.3 A new way to define environments
 (D:\MikTEX\tex/latex/trimspaces\trimspaces.sty
Package: trimspaces 2009/09/17 v1.1 Trim spaces around a token list
))
\tcb@titlebox=\box68
\tcb@upperbox=\box69
\tcb@lowerbox=\box70
\tcb@phantombox=\box71
\c@tcbbreakpart=\count335
\c@tcblayer=\count336
\c@tcolorbox@number=\count337
\l__tcobox_tmpa_box=\box72
\l__tcobox_tmpa_dim=\dimen283
\tcb@temp=\box73
\tcb@temp=\box74
\tcb@temp=\box75
\tcb@temp=\box76
) (D:\MikTEX\tex/latex/csquotes\csquotes.sty
Package: csquotes 2024-04-04 v5.2o context-sensitive quotations (JAW)
\csq@reset=\count338
\csq@gtype=\count339
\csq@glevel=\count340
\csq@qlevel=\count341
\csq@maxlvl=\count342
\csq@tshold=\count343
\csq@ltx@everypar=\toks51
 (D:\MikTEX\tex/latex/csquotes\csquotes.def
File: csquotes.def 2024-04-04 v5.2o csquotes generic definitions (JAW)
)
Package csquotes Info: Trying to load configuration file 'csquotes.cfg'...
Package csquotes Info: ... configuration file loaded successfully.
 (D:\MikTEX\tex/latex/csquotes\csquotes.cfg
File: csquotes.cfg 
)) (D:\MikTEX\tex/latex/tcolorbox\tcbtheorems.code.tex
Library (tcolorbox): 'tcbtheorems.code.tex' version '6.7.1'
) (D:\MikTEX\tex/latex/tcolorbox\tcbskins.code.tex
Library (tcolorbox): 'tcbskins.code.tex' version '6.7.1'
(D:\MikTEX\tex/latex/tikzfill\tikzfill.image.sty
Package: tikzfill.image 2023/08/08 v1.0.1 Image filling library for TikZ
 (D:\MikTEX\tex/latex/tikzfill\tikzfill-common.sty
Package: tikzfill-common 2023/08/08 v1.0.1 Auxiliary code for tikzfill
) (D:\MikTEX\tex/latex/tikzfill\tikzlibraryfill.image.code.tex
File: tikzlibraryfill.image.code.tex 2023/08/08 v1.0.1 Image filling library
\l__tikzfill_img_box=\box77
)) (D:\MikTEX\tex/latex/tcolorbox\tcbskinsjigsaw.code.tex
Library (tcolorbox): 'tcbskinsjigsaw.code.tex' version '6.7.1'
)) (D:\MikTEX\tex/latex/tcolorbox\tcbbreakable.code.tex
Library (tcolorbox): 'tcbbreakable.code.tex' version '6.7.1'
(D:\MikTEX\tex/latex/pdfcol\pdfcol.sty
Package: pdfcol 2022-09-21 v1.7 Handle new color stacks for pdfTeX (HO)
)
Package pdfcol Info: New color stack `tcb@breakable' = 1 on input line 23.
\tcb@testbox=\box78
\tcb@totalupperbox=\box79
\tcb@totallowerbox=\box80
) (D:\MikTEX\tex/latex/titlesec\titlesec.sty
Package: titlesec 2025/01/04 v2.17 Sectioning titles
\ttl@box=\box81
\beforetitleunit=\skip59
\aftertitleunit=\skip60
\ttl@plus=\dimen284
\ttl@minus=\dimen285
\ttl@toksa=\toks52
\titlewidth=\dimen286
\titlewidthlast=\dimen287
\titlewidthfirst=\dimen288
) (D:\MikTEX\tex/latex/lm\lmodern.sty
Package: lmodern 2015/05/01 v1.6.1 Latin Modern Fonts
LaTeX Font Info:    Overwriting symbol font `operators' in version `normal'
(Font)                  OT1/cmr/m/n --> OT1/lmr/m/n on input line 22.
LaTeX Font Info:    Overwriting symbol font `letters' in version `normal'
(Font)                  OML/cmm/m/it --> OML/lmm/m/it on input line 23.
LaTeX Font Info:    Overwriting symbol font `symbols' in version `normal'
(Font)                  OMS/cmsy/m/n --> OMS/lmsy/m/n on input line 24.
LaTeX Font Info:    Overwriting symbol font `largesymbols' in version `normal'
(Font)                  OMX/cmex/m/n --> OMX/lmex/m/n on input line 25.
LaTeX Font Info:    Overwriting symbol font `operators' in version `bold'
(Font)                  OT1/cmr/bx/n --> OT1/lmr/bx/n on input line 26.
LaTeX Font Info:    Overwriting symbol font `letters' in version `bold'
(Font)                  OML/cmm/b/it --> OML/lmm/b/it on input line 27.
LaTeX Font Info:    Overwriting symbol font `symbols' in version `bold'
(Font)                  OMS/cmsy/b/n --> OMS/lmsy/b/n on input line 28.
LaTeX Font Info:    Overwriting symbol font `largesymbols' in version `bold'
(Font)                  OMX/cmex/m/n --> OMX/lmex/m/n on input line 29.
LaTeX Font Info:    Overwriting math alphabet `\mathbf' in version `normal'
(Font)                  OT1/cmr/bx/n --> OT1/lmr/bx/n on input line 31.
LaTeX Font Info:    Overwriting math alphabet `\mathsf' in version `normal'
(Font)                  OT1/cmss/m/n --> OT1/lmss/m/n on input line 32.
LaTeX Font Info:    Overwriting math alphabet `\mathit' in version `normal'
(Font)                  OT1/cmr/m/it --> OT1/lmr/m/it on input line 33.
LaTeX Font Info:    Overwriting math alphabet `\mathtt' in version `normal'
(Font)                  OT1/cmtt/m/n --> OT1/lmtt/m/n on input line 34.
LaTeX Font Info:    Overwriting math alphabet `\mathbf' in version `bold'
(Font)                  OT1/cmr/bx/n --> OT1/lmr/bx/n on input line 35.
LaTeX Font Info:    Overwriting math alphabet `\mathsf' in version `bold'
(Font)                  OT1/cmss/bx/n --> OT1/lmss/bx/n on input line 36.
LaTeX Font Info:    Overwriting math alphabet `\mathit' in version `bold'
(Font)                  OT1/cmr/bx/it --> OT1/lmr/bx/it on input line 37.
LaTeX Font Info:    Overwriting math alphabet `\mathtt' in version `bold'
(Font)                  OT1/cmtt/m/n --> OT1/lmtt/m/n on input line 38.
) (D:\MikTEX\tex/latex/fancyhdr\fancyhdr.sty
Package: fancyhdr 2025/02/07 v5.2 Extensive control of page headers and footers
\f@nch@headwidth=\skip61
\f@nch@offset@elh=\skip62
\f@nch@offset@erh=\skip63
\f@nch@offset@olh=\skip64
\f@nch@offset@orh=\skip65
\f@nch@offset@elf=\skip66
\f@nch@offset@erf=\skip67
\f@nch@offset@olf=\skip68
\f@nch@offset@orf=\skip69
\f@nch@height=\skip70
\f@nch@footalignment=\skip71
\f@nch@widthL=\skip72
\f@nch@widthC=\skip73
\f@nch@widthR=\skip74
\@temptokenb=\toks53
) (D:\MikTEX\tex/latex/enumitem\enumitem.sty
Package: enumitem 2025/02/06 v3.11 Customized lists
\labelindent=\skip75
\enit@outerparindent=\dimen289
\enit@toks=\toks54
\enit@inbox=\box82
\enit@count@id=\count344
\enitdp@description=\count345
) (D:\MikTEX\tex/latex/mwe\mwe.sty
Package: mwe 2018/03/30 v0.5 Package to support minimal working examples (MWE)
 (D:\MikTEX\tex/latex/lipsum\lipsum.sty (D:\MikTEX\tex/latex/l3packages/l3keys2e\l3keys2e.sty (D:\MikTEX\tex/latex/l3kernel\expl3.sty
Package: expl3 2025-07-20 L3 programming layer (loader) 
 (D:\MikTEX\tex/latex/l3backend\l3backend-pdftex.def
File: l3backend-pdftex.def 2025-06-09 L3 backend support: PDF output (pdfTeX)
\l__color_backend_stack_int=\count346
))
Package: l3keys2e 2024-08-16 LaTeX2e option processing using LaTeX3 keys
)
Package: lipsum 2021-09-20 v2.7 150 paragraphs of Lorem Ipsum dummy text
\g__lipsum_par_int=\count347
\l__lipsum_a_int=\count348
\l__lipsum_b_int=\count349
 (D:\MikTEX\tex/latex/lipsum\lipsum.ltd.tex)) (D:\MikTEX\tex/latex/blindtext\blindtext.sty
Package: blindtext 2012/01/06 V2.0 blindtext-Package
 (D:\MikTEX\tex/latex/tools\xspace.sty
Package: xspace 2014/10/28 v1.13 Space after command names (DPC,MH)
)
\c@blindtext=\count350
\c@Blindtext=\count351
\c@blind@countparstart=\count352
\blind@countxx=\count353
\blindtext@numBlindtext=\count354
\blind@countyy=\count355
\c@blindlist=\count356
\c@blindlistlevel=\count357
\c@blindlist@level=\count358
\blind@listitem=\count359
\c@blind@listcount=\count360
\c@blind@levelcount=\count361
\blind@mathformula=\count362
\blind@Mathformula=\count363
\c@blind@randomcount=\count364
\c@blind@randommax=\count365
\c@blind@pangramcount=\count366
\c@blind@pangrammax=\count367
)) (D:\MikTEX\tex/generic/pgf/frontendlayer/tikz/libraries\tikzlibrarypositioning.code.tex
File: tikzlibrarypositioning.code.tex 2023-01-15 v3.1.10 (3.1.10)
)
Package thmtools Info: Key `name' (with value `Theorem')
(thmtools)             is not a known style key.
(thmtools)             Will pass this to every \declaretheorem
(thmtools)             that uses `style=thmsty' on input line 77.
\c@theorem=\count368
Package thmtools Info: Key `name' (with value `Proposition')
(thmtools)             is not a known style key.
(thmtools)             Will pass this to every \declaretheorem
(thmtools)             that uses `style=prosty' on input line 89.
Package thmtools Info: Key `name' (with value `Lemma')
(thmtools)             is not a known style key.
(thmtools)             Will pass this to every \declaretheorem
(thmtools)             that uses `style=lemsty' on input line 101.
Package thmtools Info: Key `name' (with value `Corollary')
(thmtools)             is not a known style key.
(thmtools)             Will pass this to every \declaretheorem
(thmtools)             that uses `style=colsty' on input line 113.
\c@defn=\count369
) (D:\MikTEX\tex/latex/biblatex\biblatex.sty
Package: biblatex 2025/07/10 v3.21 programmable bibliographies (PK/MW)
 (D:\MikTEX\tex/latex/logreq\logreq.sty
Package: logreq 2010/08/04 v1.0 xml request logger
\lrq@indent=\count370
 (D:\MikTEX\tex/latex/logreq\logreq.def
File: logreq.def 2010/08/04 v1.0 logreq spec v1.0
)) (D:\MikTEX\tex/latex/base\ifthen.sty
Package: ifthen 2024/03/16 v1.1e Standard LaTeX ifthen package (DPC)
)
\c@tabx@nest=\count371
\c@listtotal=\count372
\c@listcount=\count373
\c@liststart=\count374
\c@liststop=\count375
\c@citecount=\count376
\c@citetotal=\count377
\c@multicitecount=\count378
\c@multicitetotal=\count379
\c@instcount=\count380
\c@maxnames=\count381
\c@minnames=\count382
\c@maxitems=\count383
\c@minitems=\count384
\c@citecounter=\count385
\c@maxcitecounter=\count386
\c@savedcitecounter=\count387
\c@uniquelist=\count388
\c@uniquename=\count389
\c@refsection=\count390
\c@refsegment=\count391
\c@maxextratitle=\count392
\c@maxextratitleyear=\count393
\c@maxextraname=\count394
\c@maxextradate=\count395
\c@maxextraalpha=\count396
\c@abbrvpenalty=\count397
\c@highnamepenalty=\count398
\c@lownamepenalty=\count399
\c@maxparens=\count400
\c@parenlevel=\count401
\blx@tempcnta=\count402
\blx@tempcntb=\count403
\blx@tempcntc=\count404
\c@blx@maxsection=\count405
\blx@maxsegment@0=\count406
\blx@notetype=\count407
\blx@parenlevel@text=\count408
\blx@parenlevel@foot=\count409
\blx@sectionciteorder@0=\count410
\blx@sectionciteorderinternal@0=\count411
\blx@entrysetcounter=\count412
\blx@biblioinstance=\count413
\labelnumberwidth=\skip76
\labelalphawidth=\skip77
\biblabelsep=\skip78
\bibitemsep=\skip79
\bibnamesep=\skip80
\bibinitsep=\skip81
\bibparsep=\skip82
\bibhang=\skip83
\blx@bcfin=\read5
\blx@bcfout=\write4
\blx@langwohyphens=\language80
\c@mincomprange=\count414
\c@maxcomprange=\count415
\c@mincompwidth=\count416
Package biblatex Info: Trying to load biblatex default data model...
Package biblatex Info: ... file 'blx-dm.def' found.
 (D:\MikTEX\tex/latex/biblatex\blx-dm.def
File: blx-dm.def 2025/07/10 v3.21 biblatex datamodel (PK/MW)
)
Package biblatex Info: Trying to load biblatex style data model...
Package biblatex Info: ... file 'alphabetic.dbx' not found.
Package biblatex Info: Trying to load biblatex custom data model...
Package biblatex Info: ... file 'biblatex-dm.cfg' not found.
\c@afterword=\count417
\c@savedafterword=\count418
\c@annotator=\count419
\c@savedannotator=\count420
\c@author=\count421
\c@savedauthor=\count422
\c@bookauthor=\count423
\c@savedbookauthor=\count424
\c@commentator=\count425
\c@savedcommentator=\count426
\c@editor=\count427
\c@savededitor=\count428
\c@editora=\count429
\c@savededitora=\count430
\c@editorb=\count431
\c@savededitorb=\count432
\c@editorc=\count433
\c@savededitorc=\count434
\c@foreword=\count435
\c@savedforeword=\count436
\c@holder=\count437
\c@savedholder=\count438
\c@introduction=\count439
\c@savedintroduction=\count440
\c@namea=\count441
\c@savednamea=\count442
\c@nameb=\count443
\c@savednameb=\count444
\c@namec=\count445
\c@savednamec=\count446
\c@translator=\count447
\c@savedtranslator=\count448
\c@shortauthor=\count449
\c@savedshortauthor=\count450
\c@shorteditor=\count451
\c@savedshorteditor=\count452
\c@labelname=\count453
\c@savedlabelname=\count454
\c@institution=\count455
\c@savedinstitution=\count456
\c@lista=\count457
\c@savedlista=\count458
\c@listb=\count459
\c@savedlistb=\count460
\c@listc=\count461
\c@savedlistc=\count462
\c@listd=\count463
\c@savedlistd=\count464
\c@liste=\count465
\c@savedliste=\count466
\c@listf=\count467
\c@savedlistf=\count468
\c@location=\count469
\c@savedlocation=\count470
\c@organization=\count471
\c@savedorganization=\count472
\c@origlocation=\count473
\c@savedoriglocation=\count474
\c@origpublisher=\count475
\c@savedorigpublisher=\count476
\c@publisher=\count477
\c@savedpublisher=\count478
\c@language=\count479
\c@savedlanguage=\count480
\c@origlanguage=\count481
\c@savedoriglanguage=\count482
\c@pageref=\count483
\c@savedpageref=\count484
\shorthandwidth=\skip84
\shortjournalwidth=\skip85
\shortserieswidth=\skip86
\shorttitlewidth=\skip87
\shortauthorwidth=\skip88
\shorteditorwidth=\skip89
\locallabelnumberwidth=\skip90
\locallabelalphawidth=\skip91
\localshorthandwidth=\skip92
\localshortjournalwidth=\skip93
\localshortserieswidth=\skip94
\localshorttitlewidth=\skip95
\localshortauthorwidth=\skip96
\localshorteditorwidth=\skip97
Package biblatex Info: Trying to load compatibility code...
Package biblatex Info: ... file 'blx-compat.def' found.
 (D:\MikTEX\tex/latex/biblatex\blx-compat.def
File: blx-compat.def 2025/07/10 v3.21 biblatex compatibility (PK/MW)
)
Package biblatex Info: Trying to load generic definitions...
Package biblatex Info: ... file 'biblatex.def' found.
 (D:\MikTEX\tex/latex/biblatex\biblatex.def
File: biblatex.def 2025/07/10 v3.21 biblatex compatibility (PK/MW)
\c@textcitecount=\count485
\c@textcitetotal=\count486
\c@textcitemaxnames=\count487
\c@biburlbigbreakpenalty=\count488
\c@biburlbreakpenalty=\count489
\c@biburlnumpenalty=\count490
\c@biburlucpenalty=\count491
\c@biburllcpenalty=\count492
\biburlbigskip=\muskip19
\biburlnumskip=\muskip20
\biburlucskip=\muskip21
\biburllcskip=\muskip22
\c@smartand=\count493
)
Package biblatex Info: Trying to load bibliography style 'alphabetic'...
Package biblatex Info: ... file 'alphabetic.bbx' found.
 (D:\MikTEX\tex/latex/biblatex/bbx\alphabetic.bbx
File: alphabetic.bbx 2025/07/10 v3.21 biblatex bibliography style (PK/MW)
Package biblatex Info: Trying to load bibliography style 'standard'...
Package biblatex Info: ... file 'standard.bbx' found.
 (D:\MikTEX\tex/latex/biblatex/bbx\standard.bbx
File: standard.bbx 2025/07/10 v3.21 biblatex bibliography style (PK/MW)
\c@bbx:relatedcount=\count494
\c@bbx:relatedtotal=\count495
))
Package biblatex Info: Trying to load citation style 'alphabetic'...
Package biblatex Info: ... file 'alphabetic.cbx' found.
 (D:\MikTEX\tex/latex/biblatex/cbx\alphabetic.cbx
File: alphabetic.cbx 2025/07/10 v3.21 biblatex citation style (PK/MW)
Package biblatex Info: Redefining '\cite'.
Package biblatex Info: Redefining '\parencite'.
Package biblatex Info: Redefining '\footcite'.
Package biblatex Info: Redefining '\footcitetext'.
Package biblatex Info: Redefining '\smartcite'.
Package biblatex Info: Redefining '\textcite'.
Package biblatex Info: Redefining '\textcites'.
Package biblatex Info: Redefining '\cites'.
Package biblatex Info: Redefining '\parencites'.
Package biblatex Info: Redefining '\smartcites'.
)
Package biblatex Info: Trying to load configuration file...
Package biblatex Info: ... file 'biblatex.cfg' found.
 (D:\MikTEX\tex/latex/biblatex\biblatex.cfg
File: biblatex.cfg 
)
Package biblatex Info: Input encoding 'utf8' detected.
Package biblatex Info: Document encoding is UTF8 ....
Package biblatex Info: ... and expl3
(biblatex)             2025-07-20 L3 programming layer (loader) 
(biblatex)             is new enough (at least 2020/04/06),
(biblatex)             setting 'casechanger=expl3'.
 (D:\MikTEX\tex/latex/biblatex\blx-case-expl3.sty (D:\MikTEX\tex/latex/l3packages/xparse\xparse.sty
Package: xparse 2024-08-16 L3 Experimental document command parser
)
Package: blx-case-expl3 2025/07/10 v3.21 expl3 case changing code for biblatex
)) (D:\MikTEX\tex/latex/ulem\ulem.sty
\UL@box=\box83
\UL@hyphenbox=\box84
\UL@skip=\skip98
\UL@hook=\toks55
\UL@height=\dimen290
\UL@pe=\count496
\UL@pixel=\dimen291
\ULC@box=\box85
Package: ulem 2019/11/18
\ULdepth=\dimen292
)
Package csquotes Info: Checking for multilingual support...
Package csquotes Info: ... found 'babel' package.
Package csquotes Info: Adjusting default style.
Package csquotes Info: Redefining alias 'default' -> 'english'.
LaTeX Font Info:    Trying to load font information for OT1+lmr on input line 11.
 (D:\MikTEX\tex/latex/lm\ot1lmr.fd
File: ot1lmr.fd 2015/05/01 v1.6.1 Font defs for Latin Modern
) (FSP.aux)
\openout1 = `FSP.aux'.

LaTeX Font Info:    Checking defaults for OML/cmm/m/it on input line 11.
LaTeX Font Info:    ... okay on input line 11.
LaTeX Font Info:    Checking defaults for OMS/cmsy/m/n on input line 11.
LaTeX Font Info:    ... okay on input line 11.
LaTeX Font Info:    Checking defaults for OT1/cmr/m/n on input line 11.
LaTeX Font Info:    ... okay on input line 11.
LaTeX Font Info:    Checking defaults for T1/cmr/m/n on input line 11.
LaTeX Font Info:    ... okay on input line 11.
LaTeX Font Info:    Checking defaults for TS1/cmr/m/n on input line 11.
LaTeX Font Info:    ... okay on input line 11.
LaTeX Font Info:    Checking defaults for OMX/cmex/m/n on input line 11.
LaTeX Font Info:    ... okay on input line 11.
LaTeX Font Info:    Checking defaults for U/cmr/m/n on input line 11.
LaTeX Font Info:    ... okay on input line 11.
LaTeX Font Info:    Checking defaults for PD1/pdf/m/n on input line 11.
LaTeX Font Info:    ... okay on input line 11.
LaTeX Font Info:    Checking defaults for PU/pdf/m/n on input line 11.
LaTeX Font Info:    ... okay on input line 11.
 (D:\MikTEX\tex/context/base/mkii\supp-pdf.mkii
[Loading MPS to PDF converter (version 2006.09.02).]
\scratchcounter=\count497
\scratchdimen=\dimen293
\scratchbox=\box86
\nofMPsegments=\count498
\nofMParguments=\count499
\everyMPshowfont=\toks56
\MPscratchCnt=\count500
\MPscratchDim=\dimen294
\MPnumerator=\count501
\makeMPintoPDFobject=\count502
\everyMPtoPDFconversion=\toks57
) (D:\MikTEX\tex/latex/epstopdf-pkg\epstopdf-base.sty
Package: epstopdf-base 2020-01-24 v2.11 Base part for package epstopdf
 (D:\MikTEX\tex/latex/grfext\grfext.sty
Package: grfext 2019/12/03 v1.3 Manage graphics extensions (HO)
)
Package epstopdf-base Info: Redefining graphics rule for `.eps' on input line 485.
Package grfext Info: Graphics extension search list:
(grfext)             [.pdf,.png,.jpg,.mps,.jpeg,.jbig2,.jb2,.PDF,.PNG,.JPG,.JPEG,.JBIG2,.JB2,.eps]
(grfext)             \AppendGraphicsExtensions on input line 504.
 (D:\MikTEX\tex/latex/00miktex\epstopdf-sys.cfg
File: epstopdf-sys.cfg 2021/03/18 v2.0 Configuration of epstopdf for MiKTeX
))
Package hyperref Info: Link coloring OFF on input line 11.
 (FSP.out) (FSP.out)
\@outlinefile=\write5
\openout5 = `FSP.out'.


*geometry* driver: auto-detecting
*geometry* detected driver: pdftex
*geometry* verbose mode - [ preamble ] result:
* driver: pdftex
* paper: <default>
* layout: <same size as paper>
* layoutoffset:(h,v)=(0.0pt,0.0pt)
* modes: 
* h-part:(L,W,R)=(108.405pt, 397.48499pt, 108.40501pt)
* v-part:(T,H,B)=(72.26999pt, 650.43pt, 72.27pt)
* \paperwidth=614.295pt
* \paperheight=794.96999pt
* \textwidth=397.48499pt
* \textheight=650.43pt
* \oddsidemargin=36.13501pt
* \evensidemargin=36.13501pt
* \topmargin=-43.0pt
* \headheight=18.0pt
* \headsep=25.0pt
* \topskip=12.0pt
* \footskip=30.0pt
* \marginparwidth=44.0pt
* \marginparsep=10.0pt
* \columnsep=10.0pt
* \skip\footins=10.8pt plus 4.0pt minus 2.0pt
* \hoffset=0.0pt
* \voffset=0.0pt
* \mag=1000
* \@twocolumnfalse
* \@twosidefalse
* \@mparswitchfalse
* \@reversemarginfalse
* (1in=72.27pt=25.4mm, 1cm=28.453pt)

Package biblatex Info: Trying to load language 'english'...
Package biblatex Info: ... file 'english.lbx' found.
(D:\MikTEX\tex/latex/biblatex/lbx\english.lbx
File: english.lbx 2025/07/10 v3.21 biblatex localization (PK/MW)
)
Package biblatex Info: Input encoding 'utf8' detected.
Package biblatex Info: Automatic encoding selection.
(biblatex)             Assuming data encoding 'utf8'.
\openout4 = `FSP.bcf'.

Package biblatex Info: Trying to load bibliographic data...
Package biblatex Info: ... file 'FSP.bbl' found.
 (FSP.bbl)
Package biblatex Info: Reference section=0 on input line 11.
Package biblatex Info: Reference segment=0 on input line 11.
<images/logo.jpeg, id=126, 271.0125pt x 179.67125pt>
File: images/logo.jpeg Graphic file (type jpg)
<use images/logo.jpeg>
Package pdftex.def Info: images/logo.jpeg  used on input line 13.
(pdftex.def)             Requested size: 397.48499pt x 263.52684pt.


[1{C:/Users/AdminUser/AppData/Local/MiKTeX/fonts/map/pdftex/pdftex.map}{D:/MikTEX/fonts/enc/dvips/lm/lm-rmsc.enc}

{D:/MikTEX/fonts/enc/dvips/lm/lm-rm.enc} <./images/logo.jpeg>] (FSP.toc
LaTeX Font Info:    Trying to load font information for OML+lmm on input line 9.
 (D:\MikTEX\tex/latex/lm\omllmm.fd
File: omllmm.fd 2015/05/01 v1.6.1 Font defs for Latin Modern
)
LaTeX Font Info:    Trying to load font information for OMS+lmsy on input line 9.
 (D:\MikTEX\tex/latex/lm\omslmsy.fd
File: omslmsy.fd 2015/05/01 v1.6.1 Font defs for Latin Modern
)
LaTeX Font Info:    Trying to load font information for OMX+lmex on input line 9.
 (D:\MikTEX\tex/latex/lm\omxlmex.fd
File: omxlmex.fd 2015/05/01 v1.6.1 Font defs for Latin Modern
)
LaTeX Font Info:    External font `lmex10' loaded for size
(Font)              <12> on input line 9.
LaTeX Font Info:    External font `lmex10' loaded for size
(Font)              <8> on input line 9.
LaTeX Font Info:    External font `lmex10' loaded for size
(Font)              <6> on input line 9.
LaTeX Font Info:    Trying to load font information for U+msa on input line 9.
 (D:\MikTEX\tex/latex/amsfonts\umsa.fd
File: umsa.fd 2013/01/14 v3.01 AMS symbols A
)
LaTeX Font Info:    Trying to load font information for U+msb on input line 9.
 (D:\MikTEX\tex/latex/amsfonts\umsb.fd
File: umsb.fd 2013/01/14 v3.01 AMS symbols B
)


pdfTeX warning (ext4): destination with the same identifier (name{page.1}) has been already used, duplicate ignored
<to be read again> 
                   \relax 
l.26 ... {20}Lecture - ab/cd/2025}{72}{section.20}
                                                  % [1

])
\tf@toc=\write6
\openout6 = `FSP.toc'.



[2]
LaTeX Font Info:    Trying to load font information for TS1+lmr on input line 31.
 (D:\MikTEX\tex/latex/lm\ts1lmr.fd
File: ts1lmr.fd 2015/05/01 v1.6.1 Font defs for Latin Modern
)
Package hyperref Info: bookmark level for unknown proposition defaults to 0 on input line 60.


[3

{D:/MikTEX/fonts/enc/dvips/lm/lm-mathit.enc}{D:/MikTEX/fonts/enc/dvips/lm/lm-mathsy.enc}{D:/MikTEX/fonts/enc/dvips/lm/lm-ts1.enc}]
Package hyperref Info: bookmark level for unknown theorem defaults to 0 on input line 63.


[4{D:/MikTEX/fonts/enc/dvips/lm/lm-mathex.enc}]
pdfTeX warning (ext4): destination with the same identifier (name{proposition.1}) has been already used, duplicate ignored
<to be read again> 
                   \relax 
l.92 L
      et $X$ be a metric space. The following are equivalent:
pdfTeX warning (ext4): destination with the same identifier (name{defn.1}) has been already used, duplicate ignored
<to be read again> 
                   \relax 
l.105 \begin{definition}[Totally Bounded]
                                         
pdfTeX warning (ext4): destination with the same identifier (name{defn.2}) has been already used, duplicate ignored
<to be read again> 
                   \relax 
l.113 ...example}[Bounded but not totally bounded]
                                                  
pdfTeX warning (ext4): destination with the same identifier (name{defn.3}) has been already used, duplicate ignored
<to be read again> 
                   \relax 
l.121 \begin{definition}[Sequentially Compact]
                                              

[5]

[6]
Package hyperref Info: bookmark level for unknown corollary defaults to 0 on input line 194.

pdfTeX warning (ext4): destination with the same identifier (name{proposition.3}) has been already used, duplicate ignored
<to be read again> 
                   \relax 
l.207 L
       et $(X,\rho)$, $(Y,\sigma)$ be metric spaces with $X$ compact. If $f:...

[7]
Package hyperref Info: bookmark level for unknown lemma defaults to 0 on input line 222.


[8]

[9]
pdfTeX warning (ext4): destination with the same identifier (name{defn.1}) has been already used, duplicate ignored
<to be read again> 
                   \relax 
l.261 $
       l^{P}$ is infinite dimensional. $\{e_{n} \mid n \in \mathbb{N}\}$ doe...
pdfTeX warning (ext4): destination with the same identifier (name{defn.2}) has been already used, duplicate ignored
<to be read again> 
                   \relax 
l.265 C
       onsider $\mathcal{C}[0,1]$ with $\|f\|_{\infty} := \sup_{x\in[0,1]}|f...
Underfull \hbox (badness 2080) in paragraph at lines 265--266
[]\OT1/lmr/m/n/12 Consider $\OMS/lmsy/m/n/12 C\OT1/lmr/m/n/12 [0\OML/lmm/m/it/12 ; \OT1/lmr/m/n/12 1]$ with $\OMS/lmsy/m/n/12 k\OML/lmm/m/it/12 f\OMS/lmsy/m/n/12 k[] \OT1/lmr/m/n/12 := [][] \OMS/lmsy/m/n/12 j\OML/lmm/m/it/12 f\OT1/lmr/m/n/12 (\OML/lmm/m/it/12 x\OT1/lmr/m/n/12 )\OMS/lmsy/m/n/12 j$ $8$ $\OML/lmm/m/it/12 f \OMS/lmsy/m/n/12 2 C\OT1/lmr/m/n/12 [0\OML/lmm/m/it/12 ; \OT1/lmr/m/n/12 1]$.
 []


pdfTeX warning (ext4): destination with the same identifier (name{defn.3}) has been already used, duplicate ignored
<to be read again> 
                   \relax 
l.269 F
       or a compact metric space $X$ consider $\mathcal{C}(X)$ with $\|f\|_{...
pdfTeX warning (ext4): destination with the same identifier (name{proposition.2}) has been already used, duplicate ignored
<to be read again> 
                   \relax 
l.288 L
       et $Y$ be a finite dimensional subspace of a normed space $X$. Then $...

[10]

[11]
pdfTeX warning (ext4): destination with the same identifier (name{theorem.4}) has been already used, duplicate ignored
<to be read again> 
                   \relax 
l.341 L
       et $(X,\|.\|)$ be an infinite dimensional space. Let $B(0,1)$ be the ...
pdfTeX warning (ext4): destination with the same identifier (name{defn.4}) has been already used, duplicate ignored
<to be read again> 
                   \relax 
l.356 ...ition}[Pointwise and Uniform Convergence]
                                                  
pdfTeX warning (ext4): destination with the same identifier (name{defn.5}) has been already used, duplicate ignored
<to be read again> 
                   \relax 
l.361 L
       et $f_{n}:[0,1]\rightarrow \mathbb{R}$ be given by $f_{n}(x)=x^{n}$. ...
pdfTeX warning (ext4): destination with the same identifier (name{defn.6}) has been already used, duplicate ignored
<to be read again> 
                   \relax 
l.371 $
       f_{n}(x)=\frac{\sin n\pi}{n}:\mathbb{R}\rightarrow \mathbb{R}$. Check...

[12]

[13]
pdfTeX warning (ext4): destination with the same identifier (name{proposition.1}) has been already used, duplicate ignored
<to be read again> 
                   \relax 
l.426 L
       et $\{f_{n}\}$ be a sequence of functions which converge pointwise to...
pdfTeX warning (ext4): destination with the same identifier (name{proposition.2}) has been already used, duplicate ignored
<to be read again> 
                   \relax 
l.448 L
       et $\{f_{n}\}$ be a sequence of continuous functions on a metric spac...

[14]
pdfTeX warning (ext4): destination with the same identifier (name{defn.1}) has been already used, duplicate ignored
<to be read again> 
                   \relax 
l.475 \begin{definition}[Density and Separability]
                                                  
pdfTeX warning (ext4): destination with the same identifier (name{defn.2}) has been already used, duplicate ignored
<to be read again> 
                   \relax 
l.480 $
       \mathbb{R}^{n}$, $\mathcal{C}[a,b]$ are separable metric spaces.
pdfTeX warning (ext4): destination with the same identifier (name{proposition.4}) has been already used, duplicate ignored
<to be read again> 
                   \relax 
l.484 C
       ompact metric spaces are separable.
pdfTeX warning (ext4): destination with the same identifier (name{proposition.5}) has been already used, duplicate ignored
<to be read again> 
                   \relax 
l.500 S
       ubspaces of a separable metric space is separable.

[15]

[16]
pdfTeX warning (ext4): destination with the same identifier (name{defn.1}) has been already used, duplicate ignored
<to be read again> 
                   \relax 
l.535 \begin{definition}[Equicontinuity]
                                        
pdfTeX warning (ext4): destination with the same identifier (name{defn.2}) has been already used, duplicate ignored
<to be read again> 
                   \relax 
l.543 \begin{definition}[Uniformly Equicontinuous]
                                                  
pdfTeX warning (ext4): destination with the same identifier (name{defn.3}) has been already used, duplicate ignored
<to be read again> 
                   \relax 
l.548 L
       et $X$ be a compact metric space and $\mathcal{F} = \{f_1, f_2, \ldot...
pdfTeX warning (ext4): destination with the same identifier (name{defn.4}) has been already used, duplicate ignored
<to be read again> 
                   \relax 
l.556 $
       f_n : [0,1] \to \mathbb{R}$ be defined by $f_n(x) = x^n$. $\{f_n\}$ i...
pdfTeX warning (ext4): destination with the same identifier (name{defn.5}) has been already used, duplicate ignored
<to be read again> 
                   \relax 
l.560 C
       ollect the functions $f \in \mathcal{C}[a,b]$ such that $f$ is differ...

[17]
pdfTeX warning (ext4): destination with the same identifier (name{defn.6}) has been already used, duplicate ignored
<to be read again> 
                   \relax 
l.567 \begin{definition}[Uniformly Bounded]
                                           
Overfull \hbox (33.27641pt too wide) in paragraph at lines 576--577
[]\OT1/lmr/m/n/12 Suppose $\OML/lmm/m/it/12 X$ \OT1/lmr/m/n/12 is com-pact, to-tally bounded. Then $\OMS/lmsy/m/n/12 8\OML/lmm/m/it/12 n \OMS/lmsy/m/n/12 2 \U/msb/m/n/12 N$\OT1/lmr/m/n/12 , $\OMS/lmsy/m/n/12 9\OML/lmm/m/it/12 S[] \OT1/lmr/m/n/12 = \OMS/lmsy/m/n/12 f\OML/lmm/m/it/12 s[]; s[]; [] ; s[]\OMS/lmsy/m/n/12 g$
 []



[18]
Overfull \hbox (4.15172pt too wide) detected at line 608
\OMS/lmsy/m/n/12 j\OML/lmm/m/it/12 g[]\OT1/lmr/m/n/12 (\OML/lmm/m/it/12 x\OT1/lmr/m/n/12 ) \OMS/lmsy/m/n/12 ^^@ \OML/lmm/m/it/12 g[]\OT1/lmr/m/n/12 (\OML/lmm/m/it/12 y\OT1/lmr/m/n/12 )\OMS/lmsy/m/n/12 j ^^T j\OML/lmm/m/it/12 g[]\OT1/lmr/m/n/12 (\OML/lmm/m/it/12 x\OT1/lmr/m/n/12 ) \OMS/lmsy/m/n/12 ^^@ \OML/lmm/m/it/12 g[]\OT1/lmr/m/n/12 (\OML/lmm/m/it/12 s\OT1/lmr/m/n/12 )\OMS/lmsy/m/n/12 j \OT1/lmr/m/n/12 + \OMS/lmsy/m/n/12 j\OML/lmm/m/it/12 g[]\OT1/lmr/m/n/12 (\OML/lmm/m/it/12 s\OT1/lmr/m/n/12 ) \OMS/lmsy/m/n/12 ^^@ \OML/lmm/m/it/12 g[]\OT1/lmr/m/n/12 (\OML/lmm/m/it/12 s\OT1/lmr/m/n/12 )\OMS/lmsy/m/n/12 j \OT1/lmr/m/n/12 + \OMS/lmsy/m/n/12 j\OML/lmm/m/it/12 g[]\OT1/lmr/m/n/12 (\OML/lmm/m/it/12 s\OT1/lmr/m/n/12 ) \OMS/lmsy/m/n/12 ^^@ \OML/lmm/m/it/12 g[]\OT1/lmr/m/n/12 (\OML/lmm/m/it/12 y\OT1/lmr/m/n/12 )\OMS/lmsy/m/n/12 j \OML/lmm/m/it/12 < [] \OT1/lmr/m/n/12 + [] + [] = \OML/lmm/m/it/12 ^^O:
 []



[19]
pdfTeX warning (ext4): destination with the same identifier (name{theorem.1}) has been already used, duplicate ignored
<to be read again> 
                   \relax 
l.625 L
       et $X$ be a compact metric space and $F \subseteq \mathcal{C}(X)$. Th...
pdfTeX warning (ext4): destination with the same identifier (name{defn.1}) has been already used, duplicate ignored
<to be read again> 
                   \relax 
l.661 L
       et $X$ be a metric space of $T:X\mapsto X$ be a map. A point $x\in X$...

[20]
pdfTeX warning (ext4): destination with the same identifier (name{defn.2}) has been already used, duplicate ignored
<to be read again> 
                   \relax 
l.665 \begin
            {enumerate}
pdfTeX warning (ext4): destination with the same identifier (name{defn.3}) has been already used, duplicate ignored
<to be read again> 
                   \relax 
l.672 L
       et $(X,\rho)$ be a metric space and $T:X\mapsto X$ be a map. $T$ is s...
pdfTeX warning (ext4): destination with the same identifier (name{defn.4}) has been already used, duplicate ignored
<to be read again> 
                   \relax 
l.679 \begin
            {enumerate}
pdfTeX warning (ext4): destination with the same identifier (name{theorem.2}) has been already used, duplicate ignored
<to be read again> 
                   \relax 
l.686 L
       et $X$ be a complete metric space and $T:X\mapsto X$ be a contraction...
pdfTeX warning (ext4): destination with the same identifier (name{defn.5}) has been already used, duplicate ignored
<to be read again> 
                   \relax 
l.694 \begin
            {enumerate}
Overfull \hbox (51.89185pt too wide) detected at line 699
\OMS/lmsy/m/n/12 j\OML/lmm/m/it/12 f\OT1/lmr/m/n/12 (\OML/lmm/m/it/12 x\OT1/lmr/m/n/12 ) \OMS/lmsy/m/n/12 ^^@ \OML/lmm/m/it/12 f\OT1/lmr/m/n/12 (\OML/lmm/m/it/12 y\OT1/lmr/m/n/12 )\OMS/lmsy/m/n/12 j \OT1/lmr/m/n/12 = [] = [] = \OMS/lmsy/m/n/12 j\OML/lmm/m/it/12 x \OMS/lmsy/m/n/12 ^^@ \OML/lmm/m/it/12 y\OMS/lmsy/m/n/12 j [] \OML/lmm/m/it/12 < \OMS/lmsy/m/n/12 j\OML/lmm/m/it/12 x \OMS/lmsy/m/n/12 ^^@ \OML/lmm/m/it/12 y\OMS/lmsy/m/n/12 j\OML/lmm/m/it/12 :
 []



[21]
pdfTeX warning (ext4): destination with the same identifier (name{theorem.3}) has been already used, duplicate ignored
<to be read again> 
                   \relax 
l.729 L
       et $k\in\mathcal{C}\big([a,b]^{2}\big)$ and $g\in\mathcal{C}([a,b])$ ...

[22]
pdfTeX warning (ext4): destination with the same identifier (name{defn.6}) has been already used, duplicate ignored
<to be read again> 
                   \relax 
l.742 L
       et $f:\mathbb{R}\mapsto\mathbb{R}$ given by $f(x)=x^{2}-3$, $\pm\sqrt...

[23]
pdfTeX warning (ext4): destination with the same identifier (name{theorem.1}) has been already used, duplicate ignored
<to be read again> 
                   \relax 
l.782 L
       et $g$ be a continuous function on
Overfull \hbox (30.86531pt too wide) detected at line 807
\OML/lmm/m/it/12 J \OT1/lmr/m/n/12 := [\OML/lmm/m/it/12 t[] \OMS/lmsy/m/n/12 ^^@ \OML/lmm/m/it/12 ^^L; t[] \OT1/lmr/m/n/12 + \OML/lmm/m/it/12 ^^L\OT1/lmr/m/n/12 ][]\OML/lmm/m/it/12 X \OT1/lmr/m/n/12 := \OMS/lmsy/m/n/12 f\OML/lmm/m/it/12 f \OMS/lmsy/m/n/12 2 C\OT1/lmr/m/n/12 (\OML/lmm/m/it/12 J\OT1/lmr/m/n/12 ) \OMS/lmsy/m/n/12 j \OML/lmm/m/it/12 f\OT1/lmr/m/n/12 (\OML/lmm/m/it/12 t[]\OT1/lmr/m/n/12 ) = \OML/lmm/m/it/12 x[];  [] \OMS/lmsy/m/n/12 j\OML/lmm/m/it/12 x[] \OMS/lmsy/m/n/12 ^^@ \OML/lmm/m/it/12 f\OT1/lmr/m/n/12 (\OML/lmm/m/it/12 t\OT1/lmr/m/n/12 )\OMS/lmsy/m/n/12 j ^^T \OML/lmm/m/it/12 c^^L\OMS/lmsy/m/n/12 g\OML/lmm/m/it/12 :
 []



[24]
Overfull \hbox (33.9242pt too wide) detected at line 826
\OMS/lmsy/m/n/12 ^^T[] \OML/lmm/m/it/12 k [][] \OMS/lmsy/m/n/12 j\OML/lmm/m/it/12 f[]\OT1/lmr/m/n/12 (\OML/lmm/m/it/12 s\OT1/lmr/m/n/12 ) \OMS/lmsy/m/n/12 ^^@ \OML/lmm/m/it/12 f[]\OT1/lmr/m/n/12 (\OML/lmm/m/it/12 s\OT1/lmr/m/n/12 )\OMS/lmsy/m/n/12 j \OML/lmm/m/it/12 ds \OMS/lmsy/m/n/12 ^^T \OML/lmm/m/it/12 k \OMS/lmsy/m/n/12 ^^A [] j\OML/lmm/m/it/12 f[]\OT1/lmr/m/n/12 (\OML/lmm/m/it/12 s\OT1/lmr/m/n/12 ) \OMS/lmsy/m/n/12 ^^@ \OML/lmm/m/it/12 f[]\OT1/lmr/m/n/12 (\OML/lmm/m/it/12 s\OT1/lmr/m/n/12 )\OMS/lmsy/m/n/12 j [][] \OML/lmm/m/it/12 ds \OMS/lmsy/m/n/12 ^^T \OML/lmm/m/it/12 ^^Lk^^Z[]\OT1/lmr/m/n/12 (\OML/lmm/m/it/12 f[]; f[]\OT1/lmr/m/n/12 )\OML/lmm/m/it/12 :
 []


pdfTeX warning (ext4): destination with the same identifier (name{corollary.2}) has been already used, duplicate ignored
<to be read again> 
                   \relax 
l.837 T
       he solutions of (3) can be deduced as a limit of the following iterat...
pdfTeX warning (ext4): destination with the same identifier (name{theorem.3}) has been already used, duplicate ignored
<to be read again> 
                   \relax 
l.848 L
       et $X$ be a complete metric space and $\{F_{n}\}_{n\in\mathbb{N}}$ be...

[25]
pdfTeX warning (ext4): destination with the same identifier (name{theorem.4}) has been already used, duplicate ignored
<to be read again> 
                   \relax 
l.874 U
       nion of nowhere dense sets is also nowhere dense.

[26]
pdfTeX warning (ext4): destination with the same identifier (name{theorem.1}) has been already used, duplicate ignored
<to be read again> 
                   \relax 
l.890 L
       et $X$ be a complete metric space and $\{F_{n}\}_{n\in\mathbb{N}}$ be...
pdfTeX warning (ext4): destination with the same identifier (name{corollary.2}) has been already used, duplicate ignored
<to be read again> 
                   \relax 
l.894 L
       et $X$ be a complete metric space and $\{F_{n}\}_{n\in\mathbb{N}}$ be...
pdfTeX warning (ext4): destination with the same identifier (name{theorem.4}) has been already used, duplicate ignored
<to be read again> 
                   \relax 
l.902 L
       et $X$ be a complete metric space and $\mathcal{F}$ be a family of co...

[27]
Overfull \hbox (42.09586pt too wide) detected at line 945
\OMS/lmsy/m/n/12 j\OML/lmm/m/it/12 f[]\OT1/lmr/m/n/12 (\OML/lmm/m/it/12 x[]\OT1/lmr/m/n/12 ) \OMS/lmsy/m/n/12 ^^@ \OML/lmm/m/it/12 f[]\OT1/lmr/m/n/12 (\OML/lmm/m/it/12 x\OT1/lmr/m/n/12 )\OMS/lmsy/m/n/12 j ^^T j\OML/lmm/m/it/12 f[]\OT1/lmr/m/n/12 (\OML/lmm/m/it/12 x[]\OT1/lmr/m/n/12 ) \OMS/lmsy/m/n/12 ^^@ \OML/lmm/m/it/12 f[]\OT1/lmr/m/n/12 (\OML/lmm/m/it/12 x\OT1/lmr/m/n/12 )\OMS/lmsy/m/n/12 j \OT1/lmr/m/n/12 + \OMS/lmsy/m/n/12 j\OML/lmm/m/it/12 f[]\OT1/lmr/m/n/12 (\OML/lmm/m/it/12 x[]\OT1/lmr/m/n/12 ) \OMS/lmsy/m/n/12 ^^@ \OML/lmm/m/it/12 f[]\OT1/lmr/m/n/12 (\OML/lmm/m/it/12 x\OT1/lmr/m/n/12 )\OMS/lmsy/m/n/12 j \OT1/lmr/m/n/12 + \OMS/lmsy/m/n/12 j\OML/lmm/m/it/12 f[]\OT1/lmr/m/n/12 (\OML/lmm/m/it/12 x\OT1/lmr/m/n/12 ) \OMS/lmsy/m/n/12 ^^@ \OML/lmm/m/it/12 f[]\OT1/lmr/m/n/12 (\OML/lmm/m/it/12 x\OT1/lmr/m/n/12 )\OMS/lmsy/m/n/12 j \OML/lmm/m/it/12 < [] \OT1/lmr/m/n/12 + [] + [] \OML/lmm/m/it/12 < []:
 []


pdfTeX warning (ext4): destination with the same identifier (name{defn.1}) has been already used, duplicate ignored
<to be read again> 
                   \relax 
l.953 \begin{definition}[Banach Space]
                                      

[28]

[29]
pdfTeX warning (ext4): destination with the same identifier (name{defn.1}) has been already used, duplicate ignored
<to be read again> 
                   \relax 
l.999 \begin{definition}[Bernstein Polynomial]
                                              
pdfTeX warning (ext4): destination with the same identifier (name{lemma.1}) has been already used, duplicate ignored
<to be read again> 
                   \relax 
l.1008 \item $
              B_{n}(x,1) = 1$, $B_{n}(x,x) = x$, $B_{n}(x,x^{2}) = \frac{x}{...

[30]
pdfTeX warning (ext4): destination with the same identifier (name{theorem.2}) has been already used, duplicate ignored
<to be read again> 
                   \relax 
l.1042 L
        et $f \in \mathcal{C}[a,b]$. Then $\exists$ a sequence of polynomial...

[31]
pdfTeX warning (ext4): destination with the same identifier (name{defn.2}) has been already used, duplicate ignored
<to be read again> 
                   \relax 
l.1090 \begin{definition}[Algebra]
                                  
pdfTeX warning (ext4): destination with the same identifier (name{defn.3}) has been already used, duplicate ignored
<to be read again> 
                   \relax 
l.1097 \begin{definition}[Uniform Closure]
                                          
pdfTeX warning (ext4): destination with the same identifier (name{theorem.3}) has been already used, duplicate ignored
<to be read again> 
                   \relax 
l.1102 L
        et $\mathcal{A}$ be an algebra of bounded functions. Then its unifor...

[32]
pdfTeX warning (ext4): destination with the same identifier (name{proposition.4}) has been already used, duplicate ignored
<to be read again> 
                   \relax 
l.1122 L
        et $\mathcal{A}$ be an algebra of bounded functions and $\overline{\...

[33]
pdfTeX warning (ext4): destination with the same identifier (name{defn.1}) has been already used, duplicate ignored
<to be read again> 
                   \relax 
l.1151 \begin{definition}[Separating Collection]
                                                
pdfTeX warning (ext4): destination with the same identifier (name{defn.2}) has been already used, duplicate ignored
<to be read again> 
                   \relax 
l.1155 ...in{definition}[Non-Vanishing Collection]
                                                  
pdfTeX warning (ext4): destination with the same identifier (name{theorem.1}) has been already used, duplicate ignored
<to be read again> 
                   \relax 
l.1160 L
        et $\mathcal{A}$ be an algebra of real-valued functions on a set $X$...
pdfTeX warning (ext4): destination with the same identifier (name{theorem.2}) has been already used, duplicate ignored
<to be read again> 
                   \relax 
l.1186 L
        et $X$ be a compact metric space and $\mathcal{A} \subseteq \mathcal...

[34]
pdfTeX warning (ext4): destination with the same identifier (name{corollary.3}) has been already used, duplicate ignored
<to be read again> 
                   \relax 
l.1241 T
        he algebra of polynomials is dense in $\mathcal{C}[a,b]$.

[35]
pdfTeX warning (ext4): destination with the same identifier (name{defn.3}) has been already used, duplicate ignored
<to be read again> 
                   \relax 
l.1254 O
        n $X = \{z \in \mathbb{C} : |z| = 1\}$, the algebra of trigonometric...

[36]
pdfTeX warning (ext4): destination with the same identifier (name{corollary.1}) has been already used, duplicate ignored
<to be read again> 
                   \relax 
l.1276 L
        et \( K \subseteq \mathbb{R}^{n} \) be compact and \( \mathcal{P} \)...
pdfTeX warning (ext4): destination with the same identifier (name{defn.1}) has been already used, duplicate ignored
<to be read again> 
                   \relax 
l.1292 F
        or a compact subset \( K \subseteq \mathbb{R}^{2} \), \( \mathcal{C}...
pdfTeX warning (ext4): destination with the same identifier (name{corollary.2}) has been already used, duplicate ignored
<to be read again> 
                   \relax 
l.1296 L
        et \( \mathcal{A} \) be the collection of the set of points of polyn...

[37]
pdfTeX warning (ext4): destination with the same identifier (name{theorem.3}) has been already used, duplicate ignored
<to be read again> 
                   \relax 
l.1314 L
        et \( X \) be a compact metric space and \( \mathcal{A} \subseteq \m...
Overfull \hbox (5.62126pt too wide) in paragraph at lines 1321--1323
\OT1/lmr/m/n/12 Since $\OML/lmm/m/it/12 f \OMS/lmsy/m/n/12 2 C\OT1/lmr/m/n/12 (\OML/lmm/m/it/12 X\OT1/lmr/m/n/12 )$, $\OML/lmm/m/it/12 f[] \OMS/lmsy/m/n/12 2 C\OT1/lmr/m/n/12 (\OML/lmm/m/it/12 X\OT1/lmr/m/n/12 )\OMS/lmsy/m/n/12 8\OML/lmm/m/it/12 n \OMS/lmsy/m/n/12 2 \U/msb/m/n/12 N$\OT1/lmr/m/n/12 . By Stone-Weierstrass the-o-rem, $\OMS/lmsy/m/n/12 9f\OML/lmm/m/it/12 g[]\OMS/lmsy/m/n/12 g[] !
 []


pdfTeX warning (ext4): destination with the same identifier (name{theorem.4}) has been already used, duplicate ignored
<to be read again> 
                   \relax 
l.1340 L
        et \( X \) be a compact metric space. Then \( \mathcal{C}(X) \) is s...

[38]
pdfTeX warning (ext4): destination with the same identifier (name{theorem.5}) has been already used, duplicate ignored
<to be read again> 
                   \relax 
l.1372 L
        et \( f_{0}(x)=1 \), \( f_{1}(x)=x \), \( f_{2}(x)=x^{2} \) be funct...

[39]
Overfull \hbox (24.38791pt too wide) detected at line 1411
\OMS/lmsy/m/n/12 ^^@\OML/lmm/m/it/12 ^^Op[]\OT1/lmr/m/n/12 (\OML/lmm/m/it/12 f[]\OT1/lmr/m/n/12 )(\OML/lmm/m/it/12 y\OT1/lmr/m/n/12 ) \OMS/lmsy/m/n/12 ^^@ []\OML/lmm/m/it/12 p[]\OT1/lmr/m/n/12 (\OML/lmm/m/it/12 f[]\OT1/lmr/m/n/12 )(\OML/lmm/m/it/12 y\OT1/lmr/m/n/12 ) \OML/lmm/m/it/12 < p[]\OT1/lmr/m/n/12 (\OML/lmm/m/it/12 f\OT1/lmr/m/n/12 )(\OML/lmm/m/it/12 y\OT1/lmr/m/n/12 ) \OMS/lmsy/m/n/12 ^^@ \OML/lmm/m/it/12 f\OT1/lmr/m/n/12 (\OML/lmm/m/it/12 y\OT1/lmr/m/n/12 )\OML/lmm/m/it/12 p[]\OT1/lmr/m/n/12 (\OML/lmm/m/it/12 f[]\OT1/lmr/m/n/12 )(\OML/lmm/m/it/12 y\OT1/lmr/m/n/12 ) \OML/lmm/m/it/12 < []p[]\OT1/lmr/m/n/12 (\OML/lmm/m/it/12 f[]\OT1/lmr/m/n/12 )(\OML/lmm/m/it/12 y\OT1/lmr/m/n/12 ) + \OML/lmm/m/it/12 ^^Op[]\OT1/lmr/m/n/12 (\OML/lmm/m/it/12 f[]\OT1/lmr/m/n/12 )(\OML/lmm/m/it/12 y\OT1/lmr/m/n/12 )\OML/lmm/m/it/12 :
 []



[40]

[41]
pdfTeX warning (ext4): destination with the same identifier (name{theorem.1}) has been already used, duplicate ignored
<to be read again> 
                   \relax 
l.1467 L
        et \( f:[a,b] \mapsto \mathbb{R} \) be a bounded function. Then \( f...
Overfull \hbox (24.01572pt too wide) in paragraph at lines 1509--1510
 [] 
 []


pdfTeX warning (ext4): destination with the same identifier (name{defn.1}) has been already used, duplicate ignored
<to be read again> 
                   \relax 
l.1515 \begin{definition}[Algebra]
                                  

[42]
pdfTeX warning (ext4): destination with the same identifier (name{defn.2}) has been already used, duplicate ignored
<to be read again> 
                   \relax 
l.1524 \begin
             {itemize}
pdfTeX warning (ext4): destination with the same identifier (name{defn.3}) has been already used, duplicate ignored
<to be read again> 
                   \relax 
l.1530 \begin{definition}[$\sigma$-algebra]
                                           
pdfTeX warning (ext4): destination with the same identifier (name{defn.4}) has been already used, duplicate ignored
<to be read again> 
                   \relax 
l.1538 C
        heck that \( \mathcal{A} \) is a \(\sigma\)-algebra for the following:
pdfTeX warning (ext4): destination with the same identifier (name{defn.5}) has been already used, duplicate ignored
<to be read again> 
                   \relax 
l.1546 ...on}[$\sigma$-algebra generated by a set]
                                                  
pdfTeX warning (ext4): destination with the same identifier (name{defn.6}) has been already used, duplicate ignored
<to be read again> 
                   \relax 
l.1558 \begin{definition}[Borel $\sigma$-algebra]
                                                 

[43]
pdfTeX warning (ext4): destination with the same identifier (name{proposition.3}) has been already used, duplicate ignored
<to be read again> 
                   \relax 
l.1569 \(
          \mathcal{B}_{\mathbb{R}} \) is generated by any of the following:

[44]
pdfTeX warning (ext4): destination with the same identifier (name{defn.7}) has been already used, duplicate ignored
<to be read again> 
                   \relax 
l.1606 \begin{definition}[Measure]
                                  

[45]

[46]
pdfTeX warning (ext4): destination with the same identifier (name{defn.1}) has been already used, duplicate ignored
<to be read again> 
                   \relax 
l.1657 F
        or \( f: X \mapsto [0, \infty] \),
pdfTeX warning (ext4): destination with the same identifier (name{theorem.1}) has been already used, duplicate ignored
<to be read again> 
                   \relax 
l.1665 L
        et \( \mu \) be a measure on \( \mathcal{M} \). Then

[47]

[48]
pdfTeX warning (ext4): destination with the same identifier (name{defn.2}) has been already used, duplicate ignored
<to be read again> 
                   \relax 
l.1740 \begin{definition}[Null Set]
                                   
pdfTeX warning (ext4): destination with the same identifier (name{defn.3}) has been already used, duplicate ignored
<to be read again> 
                   \relax 
l.1746 \begin{definition}{
                          Complete Measure}
pdfTeX warning (ext4): destination with the same identifier (name{theorem.2}) has been already used, duplicate ignored
<to be read again> 
                   \relax 
l.1751 L
        et \( (X, \mathcal{M}, \mu) \) be a measure space. Define

[49]
pdfTeX warning (ext4): destination with the same identifier (name{theorem.3}) has been already used, duplicate ignored
<to be read again> 
                   \relax 
l.1803 L
        et \( \Sigma \subseteq \mathcal{P}(X) \) and \( \rho : \Sigma \mapst...

[50]
pdfTeX warning (ext4): destination with the same identifier (name{theorem.4}) has been already used, duplicate ignored
<to be read again> 
                   \relax 
l.1831 L
        et \( \mu^* \) be an outer measure on \( X \) and \( \mathcal{M} \) ...

[51]
pdfTeX warning (ext4): destination with the same identifier (name{theorem.1}) has been already used, duplicate ignored
<to be read again> 
                   \relax 
l.1847 L
        et $X$ be a set and $\mu^{*}$ be an outer measure on $X$ and $\mathc...

[52]

[53]
pdfTeX warning (ext4): destination with the same identifier (name{defn.1}) has been already used, duplicate ignored
<to be read again> 
                   \relax 
l.1940 \begin{definition}[Premeasure]
                                     
pdfTeX warning (ext4): destination with the same identifier (name{proposition.2}) has been already used, duplicate ignored
<to be read again> 
                   \relax 
l.1959 L
        et $\mu_{0}$ be a premeasure on an algebra $\mathcal{A} \subseteq \m...

[54]
pdfTeX warning (ext4): destination with the same identifier (name{theorem.3}) has been already used, duplicate ignored
<to be read again> 
                   \relax 
l.1998 L
        et $\mathcal{A} \in \mathcal{P}(X)$ be an algebra, $\mu_{0}$ be a pr...

[55]
pdfTeX warning (ext4): destination with the same identifier (name{defn.2}) has been already used, duplicate ignored
<to be read again> 
                   \relax 
l.2037 B
        asically, through the same procedure we get a measure on the $\sigma...
pdfTeX warning (ext4): destination with the same identifier (name{proposition.4}) has been already used, duplicate ignored
<to be read again> 
                   \relax 
l.2049 L
        et $\{(a_{i},b_{i})\}_{i=1}^{n}$ be any disjoint collection in $\mat...

[56]

[57]
Overfull \hbox (9.49904pt too wide) detected at line 2112
 \OT1/lmr/m/n/12 =[]\OMS/lmsy/m/n/12 )  \OML/lmm/m/it/12 v\OT1/lmr/m/n/12 (\OML/lmm/m/it/12 E\OT1/lmr/m/n/12 ) \OMS/lmsy/m/n/12 ^^T \OML/lmm/m/it/12 ^^V[]\OT1/lmr/m/n/12 (\OML/lmm/m/it/12 E\OT1/lmr/m/n/12 ) = \OML/lmm/m/it/12 ^^V\OT1/lmr/m/n/12 (\OML/lmm/m/it/12 E\OT1/lmr/m/n/12 ) ([]\OML/lmm/m/it/12 E\OT1/lmr/m/n/12 )\OML/lmm/m/it/12 :
 []


pdfTeX warning (ext4): destination with the same identifier (name{defn.1}) has been already used, duplicate ignored
<to be read again> 
                   \relax 
l.2135 B
        asically, through the same procedure we get a measure on the $\sigma...

[58]
pdfTeX warning (ext4): destination with the same identifier (name{proposition.1}) has been already used, duplicate ignored
<to be read again> 
                   \relax 
l.2147 L
        et $\{(a_{i},b_{i})\}_{i=1}^{n}$ be any disjoint collection in $\mat...

[59]

[60]
pdfTeX warning (ext4): destination with the same identifier (name{proposition.1}) has been already used, duplicate ignored
<to be read again> 
                   \relax 
l.2209 O
        n $\mathcal{A}$ define $\mu_{0}$ by
Overfull \hbox (46.90358pt too wide) detected at line 2229
[]\OT1/lmr/m/n/12 [\OML/lmm/m/it/12 a[]; b[]\OT1/lmr/m/n/12 ] = [][\OML/lmm/m/it/12 a[]; b[]\OT1/lmr/m/n/12 ] + [](\OML/lmm/m/it/12 a[]; b[]\OT1/lmr/m/n/12 ]  =[]\OMS/lmsy/m/n/12 )  \OML/lmm/m/it/12 ^^V[] [] \OMS/lmsy/m/n/12 ^^U \OML/lmm/m/it/12 ^^V[] [] \OT1/lmr/m/n/12 = [] \OML/lmm/m/it/12 ^^V[]\OT1/lmr/m/n/12 (\OML/lmm/m/it/12 a[]; b[]\OT1/lmr/m/n/12 ]\OML/lmm/m/it/12 :
 []



[61]
Overfull \hbox (3.49953pt too wide) in paragraph at lines 2251--2252
[]\OT1/lmr/m/n/12 As $\OML/lmm/m/it/12 ^^O$ \OT1/lmr/m/n/12 was ar-bi-trary, $(\OML/lmm/m/it/12 b \OMS/lmsy/m/n/12 ^^@ \OML/lmm/m/it/12 a\OT1/lmr/m/n/12 ) \OMS/lmsy/m/n/12 ^^T [][]\OT1/lmr/m/n/12 (\OML/lmm/m/it/12 b \OMS/lmsy/m/n/12 ^^@ \OML/lmm/m/it/12 i \OMS/lmsy/m/n/12 ^^@ \OML/lmm/m/it/12 a[]\OT1/lmr/m/n/12 )$. There-fore, $\OML/lmm/m/it/12 ^^V[]\OT1/lmr/m/n/12 (\OML/lmm/m/it/12 a; b\OT1/lmr/m/n/12 ] = [][] \OML/lmm/m/it/12 ^^V[]\OT1/lmr/m/n/12 (\OML/lmm/m/it/12 a[]; b[]\OT1/lmr/m/n/12 ]$.
 []


pdfTeX warning (ext4): destination with the same identifier (name{proposition.2}) has been already used, duplicate ignored
<to be read again> 
                   \relax 
l.2261 L
        et $E \in \mathcal{L}$. Then

[62]
pdfTeX warning (ext4): destination with the same identifier (name{theorem.3}) has been already used, duplicate ignored
<to be read again> 
                   \relax 
l.2303 I
        f $E \in \mathcal{L}$ then
Overfull \hbox (74.04536pt too wide) detected at line 2307
\OML/lmm/m/it/12 m\OT1/lmr/m/n/12 (\OML/lmm/m/it/12 E\OT1/lmr/m/n/12 ) = []\OMS/lmsy/m/n/12 f\OML/lmm/m/it/12 m\OT1/lmr/m/n/12 (\OML/lmm/m/it/12 U\OT1/lmr/m/n/12 ) \OMS/lmsy/m/n/12 j \OML/lmm/m/it/12 U[]E \OMS/lmsy/m/n/12 ^^Z \OML/lmm/m/it/12 U\OMS/lmsy/m/n/12 g \OT1/lmr/m/n/12 = []\OMS/lmsy/m/n/12 f\OML/lmm/m/it/12 m\OT1/lmr/m/n/12 (\OML/lmm/m/it/12 K\OT1/lmr/m/n/12 ) \OMS/lmsy/m/n/12 j \OML/lmm/m/it/12 K[]K \OMS/lmsy/m/n/12 ^^Z \OML/lmm/m/it/12 E\OMS/lmsy/m/n/12 g\OML/lmm/m/it/12 :
 []


Overfull \hbox (8.38513pt too wide) detected at line 2315
\OML/lmm/m/it/12 m\OT1/lmr/m/n/12 (\OML/lmm/m/it/12 E\OT1/lmr/m/n/12 ) = [] [] \OMS/lmsy/m/n/12 ^^U []f\OML/lmm/m/it/12 m\OT1/lmr/m/n/12 (\OML/lmm/m/it/12 U\OT1/lmr/m/n/12 ) \OMS/lmsy/m/n/12 j \OML/lmm/m/it/12 U[]E \OMS/lmsy/m/n/12 ^^Z \OML/lmm/m/it/12 U\OMS/lmsy/m/n/12 g\OML/lmm/m/it/12 :
 []



[63]

[64]
pdfTeX warning (ext4): destination with the same identifier (name{proposition.1}) has been already used, duplicate ignored
<to be read again> 
                   \relax 
l.2366 I
        f $E \in \mathcal{L}$ then
Overfull \hbox (11.3307pt too wide) detected at line 2370
\OML/lmm/m/it/12 m\OT1/lmr/m/n/12 (\OML/lmm/m/it/12 E\OT1/lmr/m/n/12 ) = []\OMS/lmsy/m/n/12 f\OML/lmm/m/it/12 m\OT1/lmr/m/n/12 (\OML/lmm/m/it/12 U\OT1/lmr/m/n/12 ) \OMS/lmsy/m/n/12 j \OML/lmm/m/it/12 E \OMS/lmsy/m/n/12 ^^R \OML/lmm/m/it/12 U;  U[]\OMS/lmsy/m/n/12 g \OT1/lmr/m/n/12 = []\OMS/lmsy/m/n/12 f\OML/lmm/m/it/12 m\OT1/lmr/m/n/12 (\OML/lmm/m/it/12 K\OT1/lmr/m/n/12 ) \OMS/lmsy/m/n/12 j \OML/lmm/m/it/12 K \OMS/lmsy/m/n/12 ^^R \OML/lmm/m/it/12 E;  K[]\OMS/lmsy/m/n/12 g\OML/lmm/m/it/12 :
 []


pdfTeX warning (ext4): destination with the same identifier (name{proposition.2}) has been already used, duplicate ignored
<to be read again> 
                   \relax 
l.2374 I
        f $E \in \mathbb{R}$ TFAE:
pdfTeX warning (ext4): destination with the same identifier (name{defn.1}) has been already used, duplicate ignored
<to be read again> 
                   \relax 
l.2402 $
        \mathcal{L}$ is the completion of $\mathcal{B}_{\mathbb{R}}$ where

[65]
pdfTeX warning (ext4): destination with the same identifier (name{defn.2}) has been already used, duplicate ignored
<to be read again> 
                   \relax 
l.2411 \begin{definition}[Measurable]
                                     
pdfTeX warning (ext4): destination with the same identifier (name{theorem.3}) has been already used, duplicate ignored
<to be read again> 
                   \relax 
l.2418 L
        et $E \in \mathcal{L}$. Then $\forall\ s,r \in \mathbb{R}$, $E+s \in...

[66]
pdfTeX warning (ext4): destination with the same identifier (name{proposition.4}) has been already used, duplicate ignored
<to be read again> 
                   \relax 
l.2440 L
        et $f:(X,\mathcal{M}) \to (Y,\mathcal{N})$ and $\mathcal{N}$ is gene...

[67]
pdfTeX warning (ext4): destination with the same identifier (name{proposition.1}) has been already used, duplicate ignored
<to be read again> 
                   \relax 
l.2464 L
        et $f:(X,\mu) \mapsto \mathbb{R}$ be a function. TFAE:
pdfTeX warning (ext4): destination with the same identifier (name{proposition.2}) has been already used, duplicate ignored
<to be read again> 
                   \relax 
l.2476 L
        et $f,g:(X,\mathcal{M}) \mapsto \mathbb{R}$ be measurable and $\phi:...
pdfTeX warning (ext4): destination with the same identifier (name{corollary.3}) has been already used, duplicate ignored
<to be read again> 
                   \relax 
l.2495     \item L
                  et $f:(X,\mathcal{M}) \to \mathbb{C}$ be measurable. Then ...

[68]
pdfTeX warning (ext4): destination with the same identifier (name{defn.1}) has been already used, duplicate ignored
<to be read again> 
                   \relax 
l.2508 $
        f:X \mapsto \mathbb{R}$. Convention: $0 \cdot \infty = 0$.
pdfTeX warning (ext4): destination with the same identifier (name{proposition.4}) has been already used, duplicate ignored
<to be read again> 
                   \relax 
l.2512 L
        et $\{f_{i}\}_{i \in \mathbb{N}}$ be a sequence of measurable functi...
pdfTeX warning (ext4): destination with the same identifier (name{corollary.5}) has been already used, duplicate ignored
<to be read again> 
                   \relax 
l.2529     \item L
                  et $f,g:(X,\mathcal{M}) \mapsto \mathbb{R}$ be measurable ...
pdfTeX warning (ext4): destination with the same identifier (name{defn.2}) has been already used, duplicate ignored
<to be read again> 
                   \relax 
l.2535 \begin{definition}[Characteristic Function]
                                                  
pdfTeX warning (ext4): destination with the same identifier (name{defn.3}) has been already used, duplicate ignored
<to be read again> 
                   \relax 
l.2549 $
        \chi_{E}$ is measurable.

[69]
pdfTeX warning (ext4): destination with the same identifier (name{defn.4}) has been already used, duplicate ignored
<to be read again> 
                   \relax 
l.2552 \begin{definition}[Simple Function]
                                          
pdfTeX warning (ext4): destination with the same identifier (name{defn.5}) has been already used, duplicate ignored
<to be read again> 
                   \relax 
l.2561 S
        imple functions are measurable iff $E_{i}$'s are measurable.
pdfTeX warning (ext4): destination with the same identifier (name{proposition.6}) has been already used, duplicate ignored
<to be read again> 
                   \relax 
l.2573 L
        et $\phi,\psi^{+}.$ Then
pdfTeX warning (ext4): destination with the same identifier (name{defn.6}) has been already used, duplicate ignored
<to be read again> 
                   \relax 
l.2587 L
        et $f \in L^{+}.$ Then
Underfull \hbox (badness 5091) in paragraph at lines 2597--2598
[][]\OT1/lmr/bx/n/12 Theorem 19.7 \OT1/lmr/m/n/12 (Mono-tone Con-ver-gence The-o-rem (MCT))\OT1/lmr/bx/n/12 . []\OT1/lmr/m/n/12 Let
 []



[70]
Overfull \hbox (35.66347pt too wide) detected at line 2631
 \OT1/lmr/m/n/12 =[]\OMS/lmsy/m/n/12 )  [] [] \OML/lmm/m/it/12 f[]d^^V \OMS/lmsy/m/n/12 ^^U [] \OML/lmm/m/it/12 ^^^d^^V \OMS/lmsy/m/n/12 8 \OT1/lmr/m/n/12 0 \OMS/lmsy/m/n/12 ^^T \OML/lmm/m/it/12 ^^^ \OMS/lmsy/m/n/12 ^^T \OML/lmm/m/it/12 f  \OT1/lmr/m/n/12 =[]\OMS/lmsy/m/n/12 )  [] [] \OML/lmm/m/it/12 f[]d^^V \OMS/lmsy/m/n/12 ^^U [] []
 []


Underfull \hbox (badness 2591) in paragraph at lines 2639--2640
[][]\OT1/lmr/bx/n/12 Proposition 19.8. []\OT1/lmr/m/n/12 Let $\OMS/lmsy/m/n/12 f\OML/lmm/m/it/12 f[]\OMS/lmsy/m/n/12 g[] ^^R \OML/lmm/m/it/12 L[]:$ \OT1/lmr/m/n/12 Then $[] [] \OML/lmm/m/it/12 d^^V \OT1/lmr/m/n/12 =
 []



[71]
pdfTeX warning (ext4): destination with the same identifier (name{lemma.1}) has been already used, duplicate ignored
<to be read again> 
                   \relax 
l.2654 \begin{lemma}\label{lem:fatou}(
                                      Fatou's Lemma)
pdfTeX warning (ext4): destination with the same identifier (name{defn.1}) has been already used, duplicate ignored
<to be read again> 
                   \relax 
l.2678 \begin{definition}\label
                               {def:L1}
pdfTeX warning (ext4): destination with the same identifier (name{proposition.2}) has been already used, duplicate ignored
<to be read again> 
                   \relax 
l.2695 I
        f $f,g\in\mathcal{L}^{1}(\mu)$, then $\forall\ \alpha,\beta\in\mathb...

[72]
pdfTeX warning (ext4): destination with the same identifier (name{theorem.3}) has been already used, duplicate ignored
<to be read again> 
                   \relax 
l.2699 L
        et $(X,\mathcal{M},\mu)$ be a measure space and $\{f_{n}\}_{n\in\mat...
pdfTeX warning (ext4): destination with the same identifier (name{proposition.4}) has been already used, duplicate ignored
<to be read again> 
                   \relax 
l.2703 L
        et $f\in\mathcal{L}^{1}(\mu).$ Then $\left|\int f\,d\,\mu\right|\leq...

[73]
pdfTeX warning (ext4): destination with the same identifier (name{proposition.1}) has been already used, duplicate ignored
<to be read again> 
                   \relax 
l.2751 $
        (X,\mathcal{M},\mu)$ be a complete measure space. Then:
pdfTeX warning (ext4): destination with the same identifier (name{theorem.2}) has been already used, duplicate ignored
<to be read again> 
                   \relax 
l.2767 L
        et $(X,\mathcal{M},\mu)$ be a measurable space

[74]
pdfTeX warning (ext4): destination with the same identifier (name{defn.1}) has been already used, duplicate ignored
<to be read again> 
                   \relax 
l.2796 ...definition}[L\textsuperscript{p} spaces]
                                                  \label{def:Lp_spaces}
pdfTeX warning (ext4): destination with the same identifier (name{theorem.3}) has been already used, duplicate ignored
<to be read again> 
                   \relax 
l.2815 G
        iven $1\leq p\leq\infty$, $L^{p}(\mu)$ is a normed linear space .

[75]
pdfTeX warning (ext4): destination with the same identifier (name{theorem.1}) has been already used, duplicate ignored
<to be read again> 
                   \relax 
l.2856 F
        or $1\leq p\leq\infty$, $L^{p}(\mu)$ is a complete normed linear spa...
pdfTeX warning (ext4): destination with the same identifier (name{defn.1}) has been already used, duplicate ignored
<to be read again> 
                   \relax 
l.2859 \begin{remark}\label
                           {rem:lp_space}

[76]
pdfTeX warning (ext4): destination with the same identifier (name{theorem.2}) has been already used, duplicate ignored
<to be read again> 
                   \relax 
l.2876 I
        f $\mu(X)<\infty$ then $L^{\infty}(\mu)\subseteq\ldots\subseteq L^{q...
pdfTeX warning (ext4): destination with the same identifier (name{defn.2}) has been already used, duplicate ignored
<to be read again> 
                   \relax 
l.2879 \begin{definition}\label
                               {def:Cc}
pdfTeX warning (ext4): destination with the same identifier (name{theorem.3}) has been already used, duplicate ignored
<to be read again> 
                   \relax 
l.2887 F
        or $1\leq p<\infty$, $C_{c}(\mathbb{R})$ is dense in $L^{p}(\mathbb{...

[77]
pdfTeX warning (ext4): destination with the same identifier (name{defn.3}) has been already used, duplicate ignored
<to be read again> 
                   \relax 
l.2929 $
        f:[-\pi,\pi]\rightarrow\mathbb{C}$, $f(\theta)=\theta$. Then $\foral...

[78]
pdfTeX warning (ext4): destination with the same identifier (name{theorem.1}) has been already used, duplicate ignored
<to be read again> 
                   \relax 
l.2960 L
        et $f$ be a function on circle that is integrable and $\hat{f}(n)=0\...
Overfull \hbox (44.3296pt too wide) detected at line 2987
[][] \OML/lmm/m/it/12 P[]\OT1/lmr/m/n/12 (\OML/lmm/m/it/12 ^^R\OT1/lmr/m/n/12 )\OML/lmm/m/it/12 f\OT1/lmr/m/n/12 (\OML/lmm/m/it/12 ^^R\OT1/lmr/m/n/12 )\OML/lmm/m/it/12 d^^R \OT1/lmr/m/n/12 = [][] [] \OML/lmm/m/it/12 a[]e[]f\OT1/lmr/m/n/12 (\OML/lmm/m/it/12 ^^R\OT1/lmr/m/n/12 )\OML/lmm/m/it/12 d^^R \OT1/lmr/m/n/12 = [] [] \OML/lmm/m/it/12 a[]e[]f\OT1/lmr/m/n/12 (\OML/lmm/m/it/12 ^^R\OT1/lmr/m/n/12 )\OML/lmm/m/it/12 d^^R \OT1/lmr/m/n/12 = [] \OML/lmm/m/it/12 a[][]\OT1/lmr/m/n/12 (\OMS/lmsy/m/n/12 ^^@\OML/lmm/m/it/12 n\OT1/lmr/m/n/12 ) = 0\OML/lmm/m/it/12 :
 []



[79]
pdfTeX warning (ext4): destination with the same identifier (name{corollary.2}) has been already used, duplicate ignored
<to be read again> 
                   \relax 
l.3017 I
        f $f$ is continuous on circle and $\hat{f}(n)=0\ \forall\ n\in\mathb...
pdfTeX warning (ext4): destination with the same identifier (name{corollary.3}) has been already used, duplicate ignored
<to be read again> 
                   \relax 
l.3021 L
        et $f$ be continuous on circle and $\sum_{n=-\infty}^{\infty}\left|\...

[80]
pdfTeX warning (ext4): destination with the same identifier (name{corollary.1}) has been already used, duplicate ignored
<to be read again> 
                   \relax 
l.3047 I
        f $f$ is continuous on circle and $\sum_{n=-\infty}^{\infty}\left|\h...
pdfTeX warning (ext4): destination with the same identifier (name{corollary.2}) has been already used, duplicate ignored
<to be read again> 
                   \relax 
l.3053 L
        et $f$ be twice continuously differentiable on the circle. Then $\ha...
pdfTeX warning (ext4): destination with the same identifier (name{defn.1}) has been already used, duplicate ignored
<to be read again> 
                   \relax 
l.3074 \begin{definition}[Convolution]
                                      \label{def:convolution}

[81]
pdfTeX warning (ext4): destination with the same identifier (name{proposition.3}) has been already used, duplicate ignored
<to be read again> 
                   \relax 
l.3110 L
        et $f,g,h$ be $2\pi$-periodic integrable functions on $\mathbb{R}$. ...
Overfull \hbox (34.39114pt too wide) detected at line 3125
\OT1/lmr/m/n/12 (\OML/lmm/m/it/12 f \OMS/lmsy/m/n/12 ^^C \OML/lmm/m/it/12 g\OT1/lmr/m/n/12 ) \OMS/lmsy/m/n/12 ^^C \OML/lmm/m/it/12 h\OT1/lmr/m/n/12 (\OML/lmm/m/it/12 x\OT1/lmr/m/n/12 ) = [] [][](\OML/lmm/m/it/12 f \OMS/lmsy/m/n/12 ^^C \OML/lmm/m/it/12 g\OT1/lmr/m/n/12 )(\OML/lmm/m/it/12 y\OT1/lmr/m/n/12 )\OML/lmm/m/it/12 h\OT1/lmr/m/n/12 (\OML/lmm/m/it/12 x \OMS/lmsy/m/n/12 ^^@ \OML/lmm/m/it/12 y\OT1/lmr/m/n/12 )\OML/lmm/m/it/12 dy \OT1/lmr/m/n/12 = [] [][] [] \OML/lmm/m/it/12 h\OT1/lmr/m/n/12 (\OML/lmm/m/it/12 x \OMS/lmsy/m/n/12 ^^@ \OML/lmm/m/it/12 y\OT1/lmr/m/n/12 )\OML/lmm/m/it/12 dy
 []



[82]
Overfull \hbox (62.41539pt too wide) detected at line 3145
\OT1/lmr/m/n/12 = [] [][] \OML/lmm/m/it/12 f\OT1/lmr/m/n/12 (\OML/lmm/m/it/12 y\OT1/lmr/m/n/12 )\OML/lmm/m/it/12 e[] [] dx \OT1/lmr/m/n/12 = [] [][] [](\OML/lmm/m/it/12 n\OT1/lmr/m/n/12 )\OML/lmm/m/it/12 f\OT1/lmr/m/n/12 (\OML/lmm/m/it/12 y\OT1/lmr/m/n/12 )\OML/lmm/m/it/12 e[]dy \OT1/lmr/m/n/12 = [](\OML/lmm/m/it/12 n\OT1/lmr/m/n/12 )[](\OML/lmm/m/it/12 n\OT1/lmr/m/n/12 )\OML/lmm/m/it/12 :
 []



[83]
Overfull \hbox (45.79807pt too wide) detected at line 3179
\OMS/lmsy/m/n/12 j\OT1/lmr/m/n/12 (\OML/lmm/m/it/12 f \OMS/lmsy/m/n/12 ^^@ \OML/lmm/m/it/12 f[]\OT1/lmr/m/n/12 ) \OMS/lmsy/m/n/12 ^^C \OML/lmm/m/it/12 g\OT1/lmr/m/n/12 (\OML/lmm/m/it/12 x\OT1/lmr/m/n/12 )\OMS/lmsy/m/n/12 j ^^T [] [][] j\OT1/lmr/m/n/12 (\OML/lmm/m/it/12 f \OMS/lmsy/m/n/12 ^^@ \OML/lmm/m/it/12 f[]\OT1/lmr/m/n/12 )(\OML/lmm/m/it/12 x \OMS/lmsy/m/n/12 ^^@ \OML/lmm/m/it/12 y\OT1/lmr/m/n/12 )\OMS/lmsy/m/n/12 jj\OML/lmm/m/it/12 g\OT1/lmr/m/n/12 (\OML/lmm/m/it/12 y\OT1/lmr/m/n/12 )\OMS/lmsy/m/n/12 j\OML/lmm/m/it/12 dy \OMS/lmsy/m/n/12 ^^T [] [] j\OML/lmm/m/it/12 g\OT1/lmr/m/n/12 (\OML/lmm/m/it/12 y\OT1/lmr/m/n/12 )\OMS/lmsy/m/n/12 j [][] j\OML/lmm/m/it/12 f\OT1/lmr/m/n/12 (\OML/lmm/m/it/12 y\OT1/lmr/m/n/12 ) \OMS/lmsy/m/n/12 ^^@ \OML/lmm/m/it/12 f[]\OT1/lmr/m/n/12 (\OML/lmm/m/it/12 y\OT1/lmr/m/n/12 )\OMS/lmsy/m/n/12 j\OML/lmm/m/it/12 dy \OMS/lmsy/m/n/12 ! \OT1/lmr/m/n/12 0
 []


Overfull \hbox (10.1289pt too wide) detected at line 3188
[]\OT1/lmr/m/n/12 (\OML/lmm/m/it/12 n\OT1/lmr/m/n/12 ) = [] [] [][](\OML/lmm/m/it/12 f[] \OMS/lmsy/m/n/12 ^^C \OML/lmm/m/it/12 g[]\OT1/lmr/m/n/12 )(\OML/lmm/m/it/12 x\OT1/lmr/m/n/12 )\OML/lmm/m/it/12 e[]dx \OT1/lmr/m/n/12 = [] [][](\OML/lmm/m/it/12 f \OMS/lmsy/m/n/12 ^^C \OML/lmm/m/it/12 g\OT1/lmr/m/n/12 )(\OML/lmm/m/it/12 x\OT1/lmr/m/n/12 )\OML/lmm/m/it/12 e[]dx \OT1/lmr/m/n/12 = [](\OML/lmm/m/it/12 n\OT1/lmr/m/n/12 )\OML/lmm/m/it/12 :
 []



[84]

[85] (FSP.aux)
 ***********
LaTeX2e <2025-06-01> patch level 1
L3 programming layer <2025-07-20>
 ***********
Package rerunfilecheck Info: File `FSP.out' has not changed.
(rerunfilecheck)             Checksum: F073D31779F1F545BBEF9A08806F3228;4668.
Package logreq Info: Writing requests to 'FSP.run.xml'.
\openout1 = `FSP.run.xml'.

 ) 
Here is how much of TeX's memory you used:
 36929 strings out of 468134
 720283 string characters out of 5447563
 1686702 words of memory out of 5000000
 64589 multiletter control sequences out of 15000+600000
 680312 words of font info for 76 fonts, out of 8000000 for 9000
 1141 hyphenation exceptions out of 8191
 113i,14n,115p,733b,2283s stack positions out of 10000i,1000n,20000p,200000b,200000s
<D:/MikTEX/fonts/type1/public/lm/lmbx12.pfb><D:/MikTEX/fonts/type1/public/lm/lmbx8.pfb><D:/MikTEX/fonts/type1/public/lm/lmcsc10.pfb><D:/MikTEX/fonts/type1/public/lm/lmex10.pfb><D:/MikTEX/fonts/type1/public/lm/lmmi12.pfb><D:/MikTEX/fonts/type1/public/lm/lmmi6.pfb><D:/MikTEX/fonts/type1/public/lm/lmmi8.pfb><D:/MikTEX/fonts/type1/public/lm/lmr12.pfb><D:/MikTEX/fonts/type1/public/lm/lmr17.pfb><D:/MikTEX/fonts/type1/public/lm/lmr6.pfb><D:/MikTEX/fonts/type1/public/lm/lmr8.pfb><D:/MikTEX/fonts/type1/public/lm/lmri12.pfb><D:/MikTEX/fonts/type1/public/lm/lmsy10.pfb><D:/MikTEX/fonts/type1/public/lm/lmsy6.pfb><D:/MikTEX/fonts/type1/public/lm/lmsy8.pfb><D:/MikTEX/fonts/type1/public/amsfonts/symbols/msam10.pfb><D:/MikTEX/fonts/type1/public/amsfonts/symbols/msbm10.pfb><D:/MikTEX/fonts/type1/public/amsfonts/symbols/msbm7.pfb>
Output written on FSP.pdf (86 pages, 636963 bytes).
PDF statistics:
 958 PDF objects out of 1000 (max. 8388607)
 375 named destinations out of 1000 (max. 500000)
 258 words of extra memory for PDF output out of 10000 (max. 10000000)

